#
# There is insufficient memory for the Java Runtime Environment to continue.
# Native memory allocation (mmap) failed to map 196608 bytes for committing reserved memory.
# Possible reasons:
#   The system is out of physical RAM or swap space
#   The process is running with CompressedOops enabled, and the Java Heap may be blocking the growth of the native heap
# Possible solutions:
#   Reduce memory load on the system
#   Increase physical memory or swap space
#   Check if swap backing store is full
#   Decrease Java heap size (-Xmx/-Xms)
#   Decrease number of Java threads
#   Decrease Java thread stack sizes (-Xss)
#   Set larger code cache with -XX:ReservedCodeCacheSize=
#   JVM is running with Unscaled Compressed Oops mode in which the Java heap is
#     placed in the first 4GB address space. The Java Heap base address is the
#     maximum limit for the native heap growth. Please use -XX:HeapBaseMinAddress
#     to set the Java Heap base and to place the Java Heap above 4GB virtual address.
# This output file may be truncated or incomplete.
#
#  Out of Memory Error (os_linux.cpp:2757), pid=11743, tid=0x00007fe8c5a6a700
#
# JRE version: OpenJDK Runtime Environment (8.0_222-b10) (build 1.8.0_222-8u222-b10-1ubuntu1~16.04.1-b10)
# Java VM: OpenJDK 64-Bit Server VM (25.222-b10 mixed mode linux-amd64 compressed oops)
# Failed to write core dump. Core dumps have been disabled. To enable core dumping, try "ulimit -c unlimited" before starting Java again
#

---------------  T H R E A D  ---------------

Current thread (0x00007fe8c0075800):  VMThread [stack: 0x00007fe8c596a000,0x00007fe8c5a6b000] [id=11757]

Stack: [0x00007fe8c596a000,0x00007fe8c5a6b000],  sp=0x00007fe8c5a69090,  free space=1020k
Native frames: (J=compiled Java code, j=interpreted, Vv=VM code, C=native code)
V  [libjvm.so+0xa7787b]
V  [libjvm.so+0x4caa8c]
V  [libjvm.so+0x8c5da8]
V  [libjvm.so+0x8bd3ee]
V  [libjvm.so+0xa73fd4]
V  [libjvm.so+0x5cf9dd]
V  [libjvm.so+0x5d096a]
V  [libjvm.so+0x5bd766]
V  [libjvm.so+0x4d27bc]
V  [libjvm.so+0x61c93f]
V  [libjvm.so+0x999c33]
V  [libjvm.so+0x5cff90]
V  [libjvm.so+0x5bbe1a]
V  [libjvm.so+0x4d10f8]
V  [libjvm.so+0x5bcd78]
V  [libjvm.so+0x45135f]
V  [libjvm.so+0xa78991]
V  [libjvm.so+0xa7e587]
V  [libjvm.so+0xa7bde7]
V  [libjvm.so+0xa7d0cf]
V  [libjvm.so+0xa7d5f2]
V  [libjvm.so+0x8c3102]

VM_Operation (0x00007fe888274ad0): GenCollectForAllocation, mode: safepoint, requested by thread 0x00007fe8a402d000


---------------  P R O C E S S  ---------------

Java Threads: ( => current thread )
  0x00007fe8a1f18000 JavaThread "broadcast-exchange-53" daemon [_thread_blocked, id=12137, stack(0x00007fe88a590000,0x00007fe88a691000)]
  0x00007fe8a4074000 JavaThread "block-manager-slave-async-thread-pool-19" daemon [_thread_blocked, id=12134, stack(0x00007fe88a48f000,0x00007fe88a590000)]
  0x00007fe8a4073800 JavaThread "block-manager-slave-async-thread-pool-18" daemon [_thread_blocked, id=12124, stack(0x00007fe88aa93000,0x00007fe88ab94000)]
  0x00007fe8a4071800 JavaThread "block-manager-slave-async-thread-pool-17" daemon [_thread_blocked, id=12123, stack(0x00007fe88d5a2000,0x00007fe88d6a3000)]
  0x00007fe8ac351800 JavaThread "block-manager-slave-async-thread-pool-16" daemon [_thread_blocked, id=12122, stack(0x00007fe88b097000,0x00007fe88b198000)]
  0x00007fe8a4071000 JavaThread "block-manager-ask-thread-pool-5" daemon [_thread_blocked, id=12121, stack(0x00007fe88d09f000,0x00007fe88d1a0000)]
  0x00007fe8a4046800 JavaThread "Executor task launch worker for task 12355" daemon [_thread_blocked, id=12120, stack(0x00007fe886c6b000,0x00007fe886d6c000)]
  0x00007fe8a402d000 JavaThread "Executor task launch worker for task 12412" daemon [_thread_blocked, id=12119, stack(0x00007fe888176000,0x00007fe888277000)]
  0x00007fe8a405b800 JavaThread "Executor task launch worker for task 12402" daemon [_thread_blocked, id=12118, stack(0x00007fe889f8c000,0x00007fe88a08d000)]
  0x00007fe8a23ea000 JavaThread "broadcast-exchange-52" daemon [_thread_blocked, id=12117, stack(0x00007fe88a691000,0x00007fe88a792000)]
  0x00007fe8c0388800 JavaThread "stderr reader for /usr/bin/python3" daemon [_thread_in_native, id=11837, stack(0x00007fe889c89000,0x00007fe889d8a000)]
  0x00007fe8c0387000 JavaThread "stdout reader for /usr/bin/python3" daemon [_thread_in_native, id=11836, stack(0x00007fe889d8a000,0x00007fe889e8b000)]
  0x00007fe8c0383800 JavaThread "Idle Worker Monitor for /usr/bin/python3" daemon [_thread_blocked, id=11834, stack(0x00007fe889e8b000,0x00007fe889f8c000)]
  0x00007fe894bfd000 JavaThread "Thread-18" [_thread_in_native, id=11822, stack(0x00007fe88ac95000,0x00007fe88ad96000)]
  0x00007fe8a4038800 JavaThread "task-result-getter-3" daemon [_thread_blocked, id=11813, stack(0x00007fe88bf9a000,0x00007fe88c09b000)]
  0x00007fe8ac0d8000 JavaThread "task-result-getter-2" daemon [_thread_blocked, id=11810, stack(0x00007fe88cc9b000,0x00007fe88cd9c000)]
  0x00007fe8ac0c5800 JavaThread "task-result-getter-1" daemon [_thread_blocked, id=11805, stack(0x00007fe88d1a0000,0x00007fe88d2a1000)]
  0x00007fe8a4031000 JavaThread "task-result-getter-0" daemon [_thread_blocked, id=11804, stack(0x00007fe88d4a1000,0x00007fe88d5a2000)]
  0x00007fe8a1dc2800 JavaThread "org.apache.hadoop.fs.FileSystem$Statistics$StatisticsDataReferenceCleaner" daemon [_thread_blocked, id=11802, stack(0x00007fe88e1af000,0x00007fe88e2b0000)]
  0x00007fe8a0bd8800 JavaThread "SparkListenerBus" daemon [_thread_blocked, id=11800, stack(0x00007fe88e4b0000,0x00007fe88e5b1000)]
  0x00007fe8a0d06800 JavaThread "context-cleaner-periodic-gc" daemon [_thread_blocked, id=11799, stack(0x00007fe88e5b1000,0x00007fe88e6b2000)]
  0x00007fe8a0df1000 JavaThread "Spark Context Cleaner" daemon [_thread_blocked, id=11798, stack(0x00007fe88e6b2000,0x00007fe88e7b3000)]
  0x00007fe8a089c800 JavaThread "shuffle-server-5-1" daemon [_thread_in_native, id=11797, stack(0x00007fe88e9b3000,0x00007fe88eab4000)]
  0x00007fe8a09f1800 JavaThread "driver-heartbeater" daemon [_thread_blocked, id=11796, stack(0x00007fe88eab4000,0x00007fe88ebb5000)]
  0x00007fe8a08b3800 JavaThread "dag-scheduler-event-loop" daemon [_thread_blocked, id=11795, stack(0x00007fe88ebb5000,0x00007fe88ecb6000)]
  0x0000000000b30800 JavaThread "netty-rpc-env-timeout" daemon [_thread_blocked, id=11794, stack(0x00007fe88ecb6000,0x00007fe88edb7000)]
  0x00007fe8a0872800 JavaThread "Timer-0" daemon [_thread_blocked, id=11793, stack(0x00007fe88edb7000,0x00007fe88eeb8000)]
  0x00007fe8ac06d000 JavaThread "heartbeat-receiver-event-loop-thread" daemon [_thread_blocked, id=11792, stack(0x00007fe88eeb8000,0x00007fe88efb9000)]
  0x00007fe8a0905000 JavaThread "SparkUI-37" daemon [_thread_blocked, id=11791, stack(0x00007fe88efb9000,0x00007fe88f0ba000)]
  0x00007fe8a0903000 JavaThread "SparkUI-36" daemon [_thread_blocked, id=11790, stack(0x00007fe88f0ba000,0x00007fe88f1bb000)]
  0x00007fe8a0901800 JavaThread "SparkUI-35" daemon [_thread_blocked, id=11789, stack(0x00007fe88f1bb000,0x00007fe88f2bc000)]
  0x00007fe8a0879000 JavaThread "SparkUI-34" daemon [_thread_blocked, id=11788, stack(0x00007fe88f2bc000,0x00007fe88f3bd000)]
  0x00007fe8a0877000 JavaThread "SparkUI-33" daemon [_thread_blocked, id=11787, stack(0x00007fe88f3bd000,0x00007fe88f4be000)]
  0x00007fe8a0875000 JavaThread "SparkUI-32" daemon [_thread_blocked, id=11786, stack(0x00007fe88f4be000,0x00007fe88f5bf000)]
  0x00007fe8a0873800 JavaThread "SparkUI-31-acceptor-0@71ba336a-Spark@7f7dd32d{HTTP/1.1}{0.0.0.0:4040}" daemon [_thread_in_native, id=11785, stack(0x00007fe88f5bf000,0x00007fe88f6c0000)]
  0x00007fe8a0a10000 JavaThread "SparkUI-30-selector-ServerConnectorManager@414e1750/0" daemon [_thread_in_native, id=11784, stack(0x00007fe88f6c0000,0x00007fe88f7c1000)]
  0x00007fe8a0790800 JavaThread "refresh progress" daemon [_thread_blocked, id=11782, stack(0x00007fe88f9c1000,0x00007fe88fac2000)]
  0x00007fe8a076c800 JavaThread "map-output-dispatcher-7" daemon [_thread_blocked, id=11781, stack(0x00007fe88fcc2000,0x00007fe88fdc3000)]
  0x00007fe8a076a800 JavaThread "map-output-dispatcher-6" daemon [_thread_blocked, id=11780, stack(0x00007fe88fdc3000,0x00007fe88fec4000)]
  0x00007fe8a0769000 JavaThread "map-output-dispatcher-5" daemon [_thread_blocked, id=11779, stack(0x00007fe88fec4000,0x00007fe88ffc5000)]
  0x00007fe8a0767000 JavaThread "map-output-dispatcher-4" daemon [_thread_blocked, id=11778, stack(0x00007fe88ffc5000,0x00007fe8900c6000)]
  0x00007fe8a07df800 JavaThread "map-output-dispatcher-3" daemon [_thread_blocked, id=11777, stack(0x00007fe8900c6000,0x00007fe8901c7000)]
  0x00007fe8a07de000 JavaThread "map-output-dispatcher-2" daemon [_thread_blocked, id=11776, stack(0x00007fe8901c7000,0x00007fe8902c8000)]
  0x00007fe8a080f000 JavaThread "map-output-dispatcher-1" daemon [_thread_blocked, id=11775, stack(0x00007fe8902c8000,0x00007fe8903c9000)]
  0x00007fe8a080e800 JavaThread "map-output-dispatcher-0" daemon [_thread_blocked, id=11774, stack(0x00007fe8903c9000,0x00007fe8904ca000)]
  0x00007fe8a072a000 JavaThread "rpc-server-3-1" daemon [_thread_in_native, id=11773, stack(0x00007fe8904ca000,0x00007fe8905cb000)]
  0x00007fe8a05df000 JavaThread "dispatcher-event-loop-1" daemon [_thread_blocked, id=11772, stack(0x00007fe8b00ef000,0x00007fe8b01f0000)]
  0x00007fe8a05de800 JavaThread "dispatcher-event-loop-0" daemon [_thread_blocked, id=11771, stack(0x00007fe8b03f2000,0x00007fe8b04f3000)]
  0x00007fe8a04fd000 JavaThread "process reaper" daemon [_thread_in_native, id=11769, stack(0x00007fe8c4081000,0x00007fe8c40ba000)]
  0x00007fe894452800 JavaThread "Thread-2" [_thread_blocked, id=11767, stack(0x00007fe8b0afd000,0x00007fe8b0bfe000)]
  0x00007fe8c0dc1000 JavaThread "Thread-1" [_thread_in_native, id=11766, stack(0x00007fe8b0bfe000,0x00007fe8b0cff000)]
  0x00007fe8c0db1800 JavaThread "pool-1-thread-1" [_thread_blocked, id=11765, stack(0x00007fe8b0eff000,0x00007fe8b1000000)]
  0x00007fe8c00bb000 JavaThread "Service Thread" daemon [_thread_blocked, id=11763, stack(0x00007fe8c51cc000,0x00007fe8c52cd000)]
  0x00007fe8c00b8000 JavaThread "C1 CompilerThread1" daemon [_thread_blocked, id=11762, stack(0x00007fe8c52cd000,0x00007fe8c53ce000)]
  0x00007fe8c00b5800 JavaThread "C2 CompilerThread0" daemon [_thread_blocked, id=11761, stack(0x00007fe8c53ce000,0x00007fe8c54cf000)]
  0x00007fe8c00b4000 JavaThread "Signal Dispatcher" daemon [_thread_blocked, id=11760, stack(0x00007fe8c54cf000,0x00007fe8c55d0000)]
  0x00007fe8c0082000 JavaThread "Finalizer" daemon [_thread_blocked, id=11759, stack(0x00007fe8c5768000,0x00007fe8c5869000)]
  0x00007fe8c007f800 JavaThread "Reference Handler" daemon [_thread_blocked, id=11758, stack(0x00007fe8c5869000,0x00007fe8c596a000)]
  0x00007fe8c0011800 JavaThread "main" [_thread_in_native, id=11756, stack(0x00007fe8ca170000,0x00007fe8ca271000)]

Other Threads:
=>0x00007fe8c0075800 VMThread [stack: 0x00007fe8c596a000,0x00007fe8c5a6b000] [id=11757]
  0x00007fe8c00be000 WatcherThread [stack: 0x00007fe8c50cb000,0x00007fe8c51cc000] [id=11764]

VM state:at safepoint (normal execution)

VM Mutex/Monitor currently owned by a thread:  ([mutex/lock_event])
[0x00007fe8c000def0] Threads_lock - owner thread: 0x00007fe8c0075800
[0x00007fe8c000e3f0] Heap_lock - owner thread: 0x00007fe8a402d000

heap address: 0x00000000c0000000, size: 1024 MB, Compressed Oops mode: 32-bit
Narrow klass base: 0x0000000000000000, Narrow klass shift: 3
Compressed class space size: 1073741824 Address: 0x0000000100000000

Heap:
 def new generation   total 110656K, used 100394K [0x00000000c0000000, 0x00000000c7810000, 0x00000000d5550000)
  eden space 98368K, 100% used [0x00000000c0000000, 0x00000000c6010000, 0x00000000c6010000)
  from space 12288K,  16% used [0x00000000c6c10000, 0x00000000c6e0a868, 0x00000000c7810000)
  to   space 12288K, 100% used [0x00000000c6010000, 0x00000000c6c10000, 0x00000000c6c10000)
 tenured generation   total 245768K, used 245767K [0x00000000d5550000, 0x00000000e4552000, 0x0000000100000000)
   the space 245768K,  99% used [0x00000000d5550000, 0x00000000e4551ff8, 0x00000000e4552000, 0x00000000e4552000)
 Metaspace       used 92748K, capacity 96097K, committed 97496K, reserved 1134592K
  class space    used 12396K, capacity 12725K, committed 13016K, reserved 1048576K

Card table byte_map: [0x00007fe8c6607000,0x00007fe8c6808000] byte_map_base: 0x00007fe8c6007000

Polling page: 0x00007fe8ca27c000

CodeCache: size=245760Kb used=52760Kb max_used=52788Kb free=192999Kb
 bounds [0x00007fe8b1000000, 0x00007fe8b43f0000, 0x00007fe8c0000000]
 total_blobs=16578 nmethods=15799 adapters=689
 compilation: enabled

Compilation events (10 events):
Event: 3918.624 Thread 0x00007fe8c00b8000 23527       3       scala.collection.mutable.LinkedList::thisCollection (5 bytes)
Event: 3918.625 Thread 0x00007fe8c00b8000 nmethod 23527 0x00007fe8b43dc210 code [0x00007fe8b43dc380, 0x00007fe8b43dc590]
Event: 3918.628 Thread 0x00007fe8c00b8000 23528       3       org.apache.spark.SparkConf$$anonfun$loadFromSystemProperties$3::apply (51 bytes)
Event: 3918.629 Thread 0x00007fe8c00b8000 nmethod 23528 0x00007fe8b1e2b450 code [0x00007fe8b1e2b600, 0x00007fe8b1e2bbf0]
Event: 3918.632 Thread 0x00007fe8c00b5800 nmethod 23526 0x00007fe8b35fc6d0 code [0x00007fe8b35fc840, 0x00007fe8b35fc9b8]
Event: 3918.638 Thread 0x00007fe8c00b8000 23529   !   3       sun.reflect.GeneratedSerializationConstructorAccessor748::newInstance (49 bytes)
Event: 3918.639 Thread 0x00007fe8c00b8000 nmethod 23529 0x00007fe8b3d5d110 code [0x00007fe8b3d5d340, 0x00007fe8b3d5dc38]
Event: 3918.650 Thread 0x00007fe8c00b8000 23530       3       org.apache.spark.util.collection.SizeTracker$class::takeSample (216 bytes)
Event: 3918.652 Thread 0x00007fe8c00b8000 nmethod 23530 0x00007fe8b321ce10 code [0x00007fe8b321d220, 0x00007fe8b321fbd0]
Event: 3922.996 Thread 0x00007fe8c00b8000 23531   !   3       sun.reflect.GeneratedConstructorAccessor108::newInstance (49 bytes)

GC Heap History (10 events):
Event: 3918.765 GC heap after
Heap after GC invocations=962 (full 21):
 def new generation   total 110656K, used 12016K [0x00000000c0000000, 0x00000000c7810000, 0x00000000d5550000)
  eden space 98368K,   0% used [0x00000000c0000000, 0x00000000c0000000, 0x00000000c6010000)
  from space 12288K,  97% used [0x00000000c6c10000, 0x00000000c77cc278, 0x00000000c7810000)
  to   space 12288K,   0% used [0x00000000c6010000, 0x00000000c6010000, 0x00000000c6c10000)
 tenured generation   total 245768K, used 226737K [0x00000000d5550000, 0x00000000e4552000, 0x0000000100000000)
   the space 245768K,  92% used [0x00000000d5550000, 0x00000000e32bc450, 0x00000000e32bc600, 0x00000000e4552000)
 Metaspace       used 92744K, capacity 96091K, committed 97496K, reserved 1134592K
  class space    used 12396K, capacity 12724K, committed 13016K, reserved 1048576K
}
Event: 3918.828 GC heap before
{Heap before GC invocations=962 (full 21):
 def new generation   total 110656K, used 110384K [0x00000000c0000000, 0x00000000c7810000, 0x00000000d5550000)
  eden space 98368K, 100% used [0x00000000c0000000, 0x00000000c6010000, 0x00000000c6010000)
  from space 12288K,  97% used [0x00000000c6c10000, 0x00000000c77cc278, 0x00000000c7810000)
  to   space 12288K,   0% used [0x00000000c6010000, 0x00000000c6010000, 0x00000000c6c10000)
 tenured generation   total 245768K, used 226737K [0x00000000d5550000, 0x00000000e4552000, 0x0000000100000000)
   the space 245768K,  92% used [0x00000000d5550000, 0x00000000e32bc450, 0x00000000e32bc600, 0x00000000e4552000)
 Metaspace       used 92744K, capacity 96091K, committed 97496K, reserved 1134592K
  class space    used 12396K, capacity 12724K, committed 13016K, reserved 1048576K
Event: 3918.885 GC heap after
Heap after GC invocations=963 (full 21):
 def new generation   total 110656K, used 192K [0x00000000c0000000, 0x00000000c7810000, 0x00000000d5550000)
  eden space 98368K,   0% used [0x00000000c0000000, 0x00000000c0000000, 0x00000000c6010000)
  from space 12288K,   1% used [0x00000000c6010000, 0x00000000c6040368, 0x00000000c6c10000)
  to   space 12288K,   0% used [0x00000000c6c10000, 0x00000000c6c10000, 0x00000000c7810000)
 tenured generation   total 245768K, used 238748K [0x00000000d5550000, 0x00000000e4552000, 0x0000000100000000)
   the space 245768K,  97% used [0x00000000d5550000, 0x00000000e3e770b8, 0x00000000e3e77200, 0x00000000e4552000)
 Metaspace       used 92744K, capacity 96091K, committed 97496K, reserved 1134592K
  class space    used 12396K, capacity 12724K, committed 13016K, reserved 1048576K
}
Event: 3919.014 GC heap before
{Heap before GC invocations=963 (full 21):
 def new generation   total 110656K, used 98560K [0x00000000c0000000, 0x00000000c7810000, 0x00000000d5550000)
  eden space 98368K, 100% used [0x00000000c0000000, 0x00000000c6010000, 0x00000000c6010000)
  from space 12288K,   1% used [0x00000000c6010000, 0x00000000c6040368, 0x00000000c6c10000)
  to   space 12288K,   0% used [0x00000000c6c10000, 0x00000000c6c10000, 0x00000000c7810000)
 tenured generation   total 245768K, used 238748K [0x00000000d5550000, 0x00000000e4552000, 0x0000000100000000)
   the space 245768K,  97% used [0x00000000d5550000, 0x00000000e3e770b8, 0x00000000e3e77200, 0x00000000e4552000)
 Metaspace       used 92744K, capacity 96091K, committed 97496K, reserved 1134592K
  class space    used 12396K, capacity 12724K, committed 13016K, reserved 1048576K
Event: 3919.043 GC heap after
Heap after GC invocations=964 (full 21):
 def new generation   total 110656K, used 364K [0x00000000c0000000, 0x00000000c7810000, 0x00000000d5550000)
  eden space 98368K,   0% used [0x00000000c0000000, 0x00000000c0000000, 0x00000000c6010000)
  from space 12288K,   2% used [0x00000000c6c10000, 0x00000000c6c6b380, 0x00000000c7810000)
  to   space 12288K,   0% used [0x00000000c6010000, 0x00000000c6010000, 0x00000000c6c10000)
 tenured generation   total 245768K, used 238748K [0x00000000d5550000, 0x00000000e4552000, 0x0000000100000000)
   the space 245768K,  97% used [0x00000000d5550000, 0x00000000e3e770b8, 0x00000000e3e77200, 0x00000000e4552000)
 Metaspace       used 92744K, capacity 96091K, committed 97496K, reserved 1134592K
  class space    used 12396K, capacity 12724K, committed 13016K, reserved 1048576K
}
Event: 3919.190 GC heap before
{Heap before GC invocations=964 (full 21):
 def new generation   total 110656K, used 98732K [0x00000000c0000000, 0x00000000c7810000, 0x00000000d5550000)
  eden space 98368K, 100% used [0x00000000c0000000, 0x00000000c6010000, 0x00000000c6010000)
  from space 12288K,   2% used [0x00000000c6c10000, 0x00000000c6c6b380, 0x00000000c7810000)
  to   space 12288K,   0% used [0x00000000c6010000, 0x00000000c6010000, 0x00000000c6c10000)
 tenured generation   total 245768K, used 238748K [0x00000000d5550000, 0x00000000e4552000, 0x0000000100000000)
   the space 245768K,  97% used [0x00000000d5550000, 0x00000000e3e770b8, 0x00000000e3e77200, 0x00000000e4552000)
 Metaspace       used 92744K, capacity 96091K, committed 97496K, reserved 1134592K
  class space    used 12396K, capacity 12724K, committed 13016K, reserved 1048576K
Event: 3919.211 GC heap after
Heap after GC invocations=965 (full 21):
 def new generation   total 110656K, used 551K [0x00000000c0000000, 0x00000000c7810000, 0x00000000d5550000)
  eden space 98368K,   0% used [0x00000000c0000000, 0x00000000c0000000, 0x00000000c6010000)
  from space 12288K,   4% used [0x00000000c6010000, 0x00000000c6099fd0, 0x00000000c6c10000)
  to   space 12288K,   0% used [0x00000000c6c10000, 0x00000000c6c10000, 0x00000000c7810000)
 tenured generation   total 245768K, used 238748K [0x00000000d5550000, 0x00000000e4552000, 0x0000000100000000)
   the space 245768K,  97% used [0x00000000d5550000, 0x00000000e3e770b8, 0x00000000e3e77200, 0x00000000e4552000)
 Metaspace       used 92744K, capacity 96091K, committed 97496K, reserved 1134592K
  class space    used 12396K, capacity 12724K, committed 13016K, reserved 1048576K
}
Event: 3919.414 GC heap before
{Heap before GC invocations=965 (full 21):
 def new generation   total 110656K, used 98919K [0x00000000c0000000, 0x00000000c7810000, 0x00000000d5550000)
  eden space 98368K, 100% used [0x00000000c0000000, 0x00000000c6010000, 0x00000000c6010000)
  from space 12288K,   4% used [0x00000000c6010000, 0x00000000c6099fd0, 0x00000000c6c10000)
  to   space 12288K,   0% used [0x00000000c6c10000, 0x00000000c6c10000, 0x00000000c7810000)
 tenured generation   total 245768K, used 238748K [0x00000000d5550000, 0x00000000e4552000, 0x0000000100000000)
   the space 245768K,  97% used [0x00000000d5550000, 0x00000000e3e770b8, 0x00000000e3e77200, 0x00000000e4552000)
 Metaspace       used 92744K, capacity 96091K, committed 97496K, reserved 1134592K
  class space    used 12396K, capacity 12724K, committed 13016K, reserved 1048576K
Event: 3919.597 GC heap after
Heap after GC invocations=966 (full 21):
 def new generation   total 110656K, used 2026K [0x00000000c0000000, 0x00000000c7810000, 0x00000000d5550000)
  eden space 98368K,   0% used [0x00000000c0000000, 0x00000000c0000000, 0x00000000c6010000)
  from space 12288K,  16% used [0x00000000c6c10000, 0x00000000c6e0a868, 0x00000000c7810000)
  to   space 12288K,   0% used [0x00000000c6010000, 0x00000000c6010000, 0x00000000c6c10000)
 tenured generation   total 245768K, used 238748K [0x00000000d5550000, 0x00000000e4552000, 0x0000000100000000)
   the space 245768K,  97% used [0x00000000d5550000, 0x00000000e3e770b8, 0x00000000e3e77200, 0x00000000e4552000)
 Metaspace       used 92744K, capacity 96091K, committed 97496K, reserved 1134592K
  class space    used 12396K, capacity 12724K, committed 13016K, reserved 1048576K
}
Event: 3924.215 GC heap before
{Heap before GC invocations=966 (full 21):
 def new generation   total 110656K, used 100394K [0x00000000c0000000, 0x00000000c7810000, 0x00000000d5550000)
  eden space 98368K, 100% used [0x00000000c0000000, 0x00000000c6010000, 0x00000000c6010000)
  from space 12288K,  16% used [0x00000000c6c10000, 0x00000000c6e0a868, 0x00000000c7810000)
  to   space 12288K,   0% used [0x00000000c6010000, 0x00000000c6010000, 0x00000000c6c10000)
 tenured generation   total 245768K, used 238748K [0x00000000d5550000, 0x00000000e4552000, 0x0000000100000000)
   the space 245768K,  97% used [0x00000000d5550000, 0x00000000e3e770b8, 0x00000000e3e77200, 0x00000000e4552000)
 Metaspace       used 92748K, capacity 96097K, committed 97496K, reserved 1134592K
  class space    used 12396K, capacity 12725K, committed 13016K, reserved 1048576K

Deoptimization events (10 events):
Event: 3896.077 Thread 0x00007fe894452800 Uncommon trap: reason=unstable_if action=reinterpret pc=0x00007fe8b1f2dd28 method=com.fasterxml.jackson.core.util.BufferRecycler.allocCharBuffer(II)[C @ 30
Event: 3896.553 Thread 0x00007fe894452800 Uncommon trap: reason=array_check action=maybe_recompile pc=0x00007fe8b3d5d508 method=java.util.TimSort.binarySort([Ljava/lang/Object;IIILjava/util/Comparator;)V @ 193
Event: 3896.556 Thread 0x00007fe894452800 Uncommon trap: reason=array_check action=maybe_recompile pc=0x00007fe8b3d5d508 method=java.util.TimSort.binarySort([Ljava/lang/Object;IIILjava/util/Comparator;)V @ 193
Event: 3896.556 Thread 0x00007fe894452800 Uncommon trap: reason=array_check action=maybe_recompile pc=0x00007fe8b3d5d420 method=java.util.TimSort.binarySort([Ljava/lang/Object;IIILjava/util/Comparator;)V @ 215
Event: 3896.556 Thread 0x00007fe894452800 Uncommon trap: reason=array_check action=maybe_recompile pc=0x00007fe8b3d5d420 method=java.util.TimSort.binarySort([Ljava/lang/Object;IIILjava/util/Comparator;)V @ 215
Event: 3896.749 Thread 0x00007fe8a405b800 Uncommon trap: reason=unstable_if action=reinterpret pc=0x00007fe8b1f5dfbc method=java.lang.reflect.Field.declaredAnnotations()Ljava/util/Map; @ 13
Event: 3896.823 Thread 0x00007fe8a405b800 Uncommon trap: reason=unstable_if action=reinterpret pc=0x00007fe8b26df908 method=org.apache.spark.util.collection.AppendOnlyMap.changeValue(Ljava/lang/Object;Lscala/Function2;)Ljava/lang/Object; @ 154
Event: 3900.404 Thread 0x00007fe8a405b800 Uncommon trap: reason=unstable_if action=reinterpret pc=0x00007fe8b38fd4a8 method=org.apache.spark.util.collection.TimSort$SortState.mergeHi(IIII)V @ 541
Event: 3915.731 Thread 0x00007fe8a05df000 Uncommon trap: reason=class_check action=maybe_recompile pc=0x00007fe8b2fb5e24 method=org.apache.spark.rpc.netty.Inbox.process(Lorg/apache/spark/rpc/netty/Dispatcher;)V @ 130
Event: 3916.339 Thread 0x00007fe8a405b800 Uncommon trap: reason=unstable_if action=reinterpret pc=0x00007fe8b370b134 method=org.apache.spark.util.collection.AppendOnlyMap.changeValue(Ljava/lang/Object;Lscala/Function2;)Ljava/lang/Object; @ 154

Classes redefined (0 events):
No events

Internal exceptions (10 events):
Event: 3896.956 Thread 0x00007fe8a08b3800 Exception <a 'java/lang/NoSuchMethodError': <clinit>> (0x00000000c5f29760) thrown at [/build/openjdk-8-g3XteX/openjdk-8-8u222-b10/src/hotspot/src/share/vm/prims/jni.cpp, line 1615]
Event: 3897.275 Thread 0x00007fe8a405b800 Exception <a 'java/lang/NoSuchMethodError': <clinit>> (0x00000000c437d990) thrown at [/build/openjdk-8-g3XteX/openjdk-8-8u222-b10/src/hotspot/src/share/vm/prims/jni.cpp, line 1615]
Event: 3897.276 Thread 0x00007fe8a405b800 Exception <a 'java/lang/NoSuchMethodError': <clinit>> (0x00000000c437fd10) thrown at [/build/openjdk-8-g3XteX/openjdk-8-8u222-b10/src/hotspot/src/share/vm/prims/jni.cpp, line 1615]
Event: 3897.279 Thread 0x00007fe8a405b800 Exception <a 'java/lang/NoSuchMethodError': <clinit>> (0x00000000c43a1248) thrown at [/build/openjdk-8-g3XteX/openjdk-8-8u222-b10/src/hotspot/src/share/vm/prims/jni.cpp, line 1615]
Event: 3897.279 Thread 0x00007fe8a405b800 Exception <a 'java/lang/NoSuchMethodError': <clinit>> (0x00000000c43ae0b8) thrown at [/build/openjdk-8-g3XteX/openjdk-8-8u222-b10/src/hotspot/src/share/vm/prims/jni.cpp, line 1615]
Event: 3897.306 Thread 0x00007fe8a4046800 Exception <a 'java/lang/NoSuchMethodError': <clinit>> (0x00000000c58b3480) thrown at [/build/openjdk-8-g3XteX/openjdk-8-8u222-b10/src/hotspot/src/share/vm/prims/jni.cpp, line 1615]
Event: 3897.306 Thread 0x00007fe8a4046800 Exception <a 'java/lang/NoSuchMethodError': <clinit>> (0x00000000c58c5928) thrown at [/build/openjdk-8-g3XteX/openjdk-8-8u222-b10/src/hotspot/src/share/vm/prims/jni.cpp, line 1615]
Event: 3897.306 Thread 0x00007fe8a4046800 Exception <a 'java/lang/NoSuchMethodError': <clinit>> (0x00000000c58c8580) thrown at [/build/openjdk-8-g3XteX/openjdk-8-8u222-b10/src/hotspot/src/share/vm/prims/jni.cpp, line 1615]
Event: 3901.250 Thread 0x00007fe8a405b800 Exception <a 'java/lang/NoSuchMethodError': <clinit>> (0x00000000c2946e18) thrown at [/build/openjdk-8-g3XteX/openjdk-8-8u222-b10/src/hotspot/src/share/vm/prims/jni.cpp, line 1615]
Event: 3901.251 Thread 0x00007fe8a405b800 Exception <a 'java/lang/NoSuchMethodError': <clinit>> (0x00000000c294dac0) thrown at [/build/openjdk-8-g3XteX/openjdk-8-8u222-b10/src/hotspot/src/share/vm/prims/jni.cpp, line 1615]

Events (10 events):
Event: 3918.765 Executing VM operation: GenCollectForAllocation done
Event: 3918.825 Executing VM operation: GenCollectForAllocation
Event: 3918.897 Executing VM operation: GenCollectForAllocation done
Event: 3919.003 Executing VM operation: GenCollectForAllocation
Event: 3919.056 Executing VM operation: GenCollectForAllocation done
Event: 3919.179 Executing VM operation: GenCollectForAllocation
Event: 3919.213 Executing VM operation: GenCollectForAllocation done
Event: 3919.403 Executing VM operation: GenCollectForAllocation
Event: 3919.633 Executing VM operation: GenCollectForAllocation done
Event: 3924.116 Executing VM operation: GenCollectForAllocation


Dynamic libraries:
00400000-00401000 r-xp 00000000 ca:01 286273                             /usr/lib/jvm/java-8-openjdk-amd64/jre/bin/java
00600000-00601000 r--p 00000000 ca:01 286273                             /usr/lib/jvm/java-8-openjdk-amd64/jre/bin/java
00601000-00602000 rw-p 00001000 ca:01 286273                             /usr/lib/jvm/java-8-openjdk-amd64/jre/bin/java
00b0d000-00b9c000 rw-p 00000000 00:00 0                                  [heap]
c0000000-c7810000 rw-p 00000000 00:00 0 
c7810000-d5550000 ---p 00000000 00:00 0 
d5550000-e4552000 rw-p 00000000 00:00 0 
e4582000-100000000 ---p 00000000 00:00 0 
100000000-100cb6000 rw-p 00000000 00:00 0 
100cb6000-140000000 ---p 00000000 00:00 0 
7fe886c6b000-7fe886c6e000 ---p 00000000 00:00 0 
7fe886c6e000-7fe886d6c000 rw-p 00000000 00:00 0 
7fe886f6e000-7fe886f71000 ---p 00000000 00:00 0 
7fe886f71000-7fe88706f000 rw-p 00000000 00:00 0 
7fe88706f000-7fe887072000 ---p 00000000 00:00 0 
7fe887072000-7fe8871f0000 rw-p 00000000 00:00 0 
7fe8871f0000-7fe887370000 ---p 00000000 00:00 0 
7fe887471000-7fe887474000 ---p 00000000 00:00 0 
7fe887474000-7fe887772000 rw-p 00000000 00:00 0 
7fe887772000-7fe887972000 rw-p 00000000 00:00 0 
7fe887972000-7fe887b72000 rw-p 00000000 00:00 0 
7fe887b72000-7fe887b75000 ---p 00000000 00:00 0 
7fe887b75000-7fe887c73000 rw-p 00000000 00:00 0 
7fe887c73000-7fe887c76000 ---p 00000000 00:00 0 
7fe887c76000-7fe887d74000 rw-p 00000000 00:00 0 
7fe887d74000-7fe887d77000 ---p 00000000 00:00 0 
7fe887d77000-7fe887e75000 rw-p 00000000 00:00 0 
7fe887e75000-7fe887e78000 ---p 00000000 00:00 0 
7fe887e78000-7fe888176000 rw-p 00000000 00:00 0 
7fe888176000-7fe888179000 ---p 00000000 00:00 0 
7fe888179000-7fe888477000 rw-p 00000000 00:00 0 
7fe888477000-7fe88847a000 ---p 00000000 00:00 0 
7fe88847a000-7fe888578000 rw-p 00000000 00:00 0 
7fe888578000-7fe88857b000 ---p 00000000 00:00 0 
7fe88857b000-7fe888679000 rw-p 00000000 00:00 0 
7fe888679000-7fe88867c000 ---p 00000000 00:00 0 
7fe88867c000-7fe88877a000 rw-p 00000000 00:00 0 
7fe88897c000-7fe888b7c000 rw-p 00000000 00:00 0 
7fe888b7c000-7fe888b7f000 ---p 00000000 00:00 0 
7fe888b7f000-7fe888e7d000 rw-p 00000000 00:00 0 
7fe888e7d000-7fe888e80000 ---p 00000000 00:00 0 
7fe888e80000-7fe888f7e000 rw-p 00000000 00:00 0 
7fe888f7e000-7fe888f81000 ---p 00000000 00:00 0 
7fe888f81000-7fe88907f000 rw-p 00000000 00:00 0 
7fe88907f000-7fe889082000 ---p 00000000 00:00 0 
7fe889082000-7fe889180000 rw-p 00000000 00:00 0 
7fe889180000-7fe889183000 ---p 00000000 00:00 0 
7fe889183000-7fe889281000 rw-p 00000000 00:00 0 
7fe889281000-7fe889284000 ---p 00000000 00:00 0 
7fe889284000-7fe889382000 rw-p 00000000 00:00 0 
7fe889382000-7fe889385000 ---p 00000000 00:00 0 
7fe889385000-7fe889483000 rw-p 00000000 00:00 0 
7fe889483000-7fe889486000 ---p 00000000 00:00 0 
7fe889486000-7fe889584000 rw-p 00000000 00:00 0 
7fe889584000-7fe889587000 ---p 00000000 00:00 0 
7fe889587000-7fe889885000 rw-p 00000000 00:00 0 
7fe889885000-7fe889888000 ---p 00000000 00:00 0 
7fe889888000-7fe889986000 rw-p 00000000 00:00 0 
7fe889986000-7fe889989000 ---p 00000000 00:00 0 
7fe889989000-7fe889a87000 rw-p 00000000 00:00 0 
7fe889a87000-7fe889a8a000 ---p 00000000 00:00 0 
7fe889a8a000-7fe889b88000 rw-p 00000000 00:00 0 
7fe889b88000-7fe889b8b000 ---p 00000000 00:00 0 
7fe889b8b000-7fe889c89000 rw-p 00000000 00:00 0 
7fe889c89000-7fe889c8c000 ---p 00000000 00:00 0 
7fe889c8c000-7fe889d8a000 rw-p 00000000 00:00 0 
7fe889d8a000-7fe889d8d000 ---p 00000000 00:00 0 
7fe889d8d000-7fe889e8b000 rw-p 00000000 00:00 0 
7fe889e8b000-7fe889e8e000 ---p 00000000 00:00 0 
7fe889e8e000-7fe889f8c000 rw-p 00000000 00:00 0 
7fe889f8c000-7fe889f8f000 ---p 00000000 00:00 0 
7fe889f8f000-7fe88a08d000 rw-p 00000000 00:00 0 
7fe88a28f000-7fe88a48f000 rw-p 00000000 00:00 0 
7fe88a48f000-7fe88a492000 ---p 00000000 00:00 0 
7fe88a492000-7fe88a590000 rw-p 00000000 00:00 0 
7fe88a590000-7fe88a593000 ---p 00000000 00:00 0 
7fe88a593000-7fe88a691000 rw-p 00000000 00:00 0 
7fe88a691000-7fe88a694000 ---p 00000000 00:00 0 
7fe88a694000-7fe88a992000 rw-p 00000000 00:00 0 
7fe88a992000-7fe88a995000 ---p 00000000 00:00 0 
7fe88a995000-7fe88aa93000 rw-p 00000000 00:00 0 
7fe88aa93000-7fe88aa96000 ---p 00000000 00:00 0 
7fe88aa96000-7fe88ab94000 rw-p 00000000 00:00 0 
7fe88ab94000-7fe88ab97000 ---p 00000000 00:00 0 
7fe88ab97000-7fe88ac95000 rw-p 00000000 00:00 0 
7fe88ac95000-7fe88ac98000 ---p 00000000 00:00 0 
7fe88ac98000-7fe88af96000 rw-p 00000000 00:00 0 
7fe88af96000-7fe88af99000 ---p 00000000 00:00 0 
7fe88af99000-7fe88b097000 rw-p 00000000 00:00 0 
7fe88b097000-7fe88b09a000 ---p 00000000 00:00 0 
7fe88b09a000-7fe88b198000 rw-p 00000000 00:00 0 
7fe88b198000-7fe88b19b000 ---p 00000000 00:00 0 
7fe88b19b000-7fe88b299000 rw-p 00000000 00:00 0 
7fe88b39a000-7fe88b59a000 rw-p 00000000 00:00 0 
7fe88b59a000-7fe88b79a000 rw-p 00000000 00:00 0 
7fe88b79a000-7fe88b99a000 rw-p 00000000 00:00 0 
7fe88b99a000-7fe88bb9a000 rw-p 00000000 00:00 0 
7fe88bb9a000-7fe88bd9a000 rw-p 00000000 00:00 0 
7fe88bd9a000-7fe88bf9a000 rw-p 00000000 00:00 0 
7fe88bf9a000-7fe88bf9d000 ---p 00000000 00:00 0 
7fe88bf9d000-7fe88c29b000 rw-p 00000000 00:00 0 
7fe88c29b000-7fe88c49b000 rw-p 00000000 00:00 0 
7fe88c49b000-7fe88c69b000 rw-p 00000000 00:00 0 
7fe88c69b000-7fe88c89b000 rw-p 00000000 00:00 0 
7fe88c89b000-7fe88ca9b000 rw-p 00000000 00:00 0 
7fe88ca9b000-7fe88cc9b000 rw-p 00000000 00:00 0 
7fe88cc9b000-7fe88cc9e000 ---p 00000000 00:00 0 
7fe88cc9e000-7fe88cd9c000 rw-p 00000000 00:00 0 
7fe88cd9c000-7fe88cd9f000 ---p 00000000 00:00 0 
7fe88cd9f000-7fe88ce9d000 rw-p 00000000 00:00 0 
7fe88ce9d000-7fe88cea0000 ---p 00000000 00:00 0 
7fe88cea0000-7fe88cf9e000 rw-p 00000000 00:00 0 
7fe88d09f000-7fe88d0a2000 ---p 00000000 00:00 0 
7fe88d0a2000-7fe88d1a0000 rw-p 00000000 00:00 0 
7fe88d1a0000-7fe88d1a3000 ---p 00000000 00:00 0 
7fe88d1a3000-7fe88d4a1000 rw-p 00000000 00:00 0 
7fe88d4a1000-7fe88d4a4000 ---p 00000000 00:00 0 
7fe88d4a4000-7fe88d5a2000 rw-p 00000000 00:00 0 
7fe88d5a2000-7fe88d5a5000 ---p 00000000 00:00 0 
7fe88d5a5000-7fe88d8a3000 rw-p 00000000 00:00 0 
7fe88d8a3000-7fe88d8b0000 r-xp 00000000 ca:01 28319                      /tmp/liblz4-java82245351232342677.so
7fe88d8b0000-7fe88daaf000 ---p 0000d000 ca:01 28319                      /tmp/liblz4-java82245351232342677.so
7fe88daaf000-7fe88dab0000 rw-p 0000c000 ca:01 28319                      /tmp/liblz4-java82245351232342677.so
7fe88dab0000-7fe88dcb0000 rw-p 00000000 00:00 0 
7fe88dcb0000-7fe88deb0000 rw-p 00000000 00:00 0 
7fe88deb0000-7fe88e0b0000 rw-p 00000000 00:00 0 
7fe88e1af000-7fe88e1b2000 ---p 00000000 00:00 0 
7fe88e1b2000-7fe88e4b0000 rw-p 00000000 00:00 0 
7fe88e4b0000-7fe88e4b3000 ---p 00000000 00:00 0 
7fe88e4b3000-7fe88e5b1000 rw-p 00000000 00:00 0 
7fe88e5b1000-7fe88e5b4000 ---p 00000000 00:00 0 
7fe88e5b4000-7fe88e6b2000 rw-p 00000000 00:00 0 
7fe88e6b2000-7fe88e6b5000 ---p 00000000 00:00 0 
7fe88e6b5000-7fe88e9b3000 rw-p 00000000 00:00 0 
7fe88e9b3000-7fe88e9b6000 ---p 00000000 00:00 0 
7fe88e9b6000-7fe88eab4000 rw-p 00000000 00:00 0 
7fe88eab4000-7fe88eab7000 ---p 00000000 00:00 0 
7fe88eab7000-7fe88ebb5000 rw-p 00000000 00:00 0 
7fe88ebb5000-7fe88ebb8000 ---p 00000000 00:00 0 
7fe88ebb8000-7fe88ecb6000 rw-p 00000000 00:00 0 
7fe88ecb6000-7fe88ecb9000 ---p 00000000 00:00 0 
7fe88ecb9000-7fe88edb7000 rw-p 00000000 00:00 0 
7fe88edb7000-7fe88edba000 ---p 00000000 00:00 0 
7fe88edba000-7fe88eeb8000 rw-p 00000000 00:00 0 
7fe88eeb8000-7fe88eebb000 ---p 00000000 00:00 0 
7fe88eebb000-7fe88efb9000 rw-p 00000000 00:00 0 
7fe88efb9000-7fe88efbc000 ---p 00000000 00:00 0 
7fe88efbc000-7fe88f0ba000 rw-p 00000000 00:00 0 
7fe88f0ba000-7fe88f0bd000 ---p 00000000 00:00 0 
7fe88f0bd000-7fe88f1bb000 rw-p 00000000 00:00 0 
7fe88f1bb000-7fe88f1be000 ---p 00000000 00:00 0 
7fe88f1be000-7fe88f2bc000 rw-p 00000000 00:00 0 
7fe88f2bc000-7fe88f2bf000 ---p 00000000 00:00 0 
7fe88f2bf000-7fe88f3bd000 rw-p 00000000 00:00 0 
7fe88f3bd000-7fe88f3c0000 ---p 00000000 00:00 0 
7fe88f3c0000-7fe88f4be000 rw-p 00000000 00:00 0 
7fe88f4be000-7fe88f4c1000 ---p 00000000 00:00 0 
7fe88f4c1000-7fe88f5bf000 rw-p 00000000 00:00 0 
7fe88f5bf000-7fe88f5c2000 ---p 00000000 00:00 0 
7fe88f5c2000-7fe88f6c0000 rw-p 00000000 00:00 0 
7fe88f6c0000-7fe88f6c3000 ---p 00000000 00:00 0 
7fe88f6c3000-7fe88f9c1000 rw-p 00000000 00:00 0 
7fe88f9c1000-7fe88f9c4000 ---p 00000000 00:00 0 
7fe88f9c4000-7fe88fcc2000 rw-p 00000000 00:00 0 
7fe88fcc2000-7fe88fcc5000 ---p 00000000 00:00 0 
7fe88fcc5000-7fe88fdc3000 rw-p 00000000 00:00 0 
7fe88fdc3000-7fe88fdc6000 ---p 00000000 00:00 0 
7fe88fdc6000-7fe88fec4000 rw-p 00000000 00:00 0 
7fe88fec4000-7fe88fec7000 ---p 00000000 00:00 0 
7fe88fec7000-7fe88ffc5000 rw-p 00000000 00:00 0 
7fe88ffc5000-7fe88ffc8000 ---p 00000000 00:00 0 
7fe88ffc8000-7fe8900c6000 rw-p 00000000 00:00 0 
7fe8900c6000-7fe8900c9000 ---p 00000000 00:00 0 
7fe8900c9000-7fe8901c7000 rw-p 00000000 00:00 0 
7fe8901c7000-7fe8901ca000 ---p 00000000 00:00 0 
7fe8901ca000-7fe8902c8000 rw-p 00000000 00:00 0 
7fe8902c8000-7fe8902cb000 ---p 00000000 00:00 0 
7fe8902cb000-7fe8903c9000 rw-p 00000000 00:00 0 
7fe8903c9000-7fe8903cc000 ---p 00000000 00:00 0 
7fe8903cc000-7fe8904ca000 rw-p 00000000 00:00 0 
7fe8904ca000-7fe8904cd000 ---p 00000000 00:00 0 
7fe8904cd000-7fe8905cb000 rw-p 00000000 00:00 0 
7fe8905cb000-7fe8905dc000 r-xp 00000000 ca:01 286360                     /usr/lib/jvm/java-8-openjdk-amd64/jre/lib/amd64/libnio.so
7fe8905dc000-7fe8907db000 ---p 00011000 ca:01 286360                     /usr/lib/jvm/java-8-openjdk-amd64/jre/lib/amd64/libnio.so
7fe8907db000-7fe8907dc000 r--p 00010000 ca:01 286360                     /usr/lib/jvm/java-8-openjdk-amd64/jre/lib/amd64/libnio.so
7fe8907dc000-7fe8907dd000 rw-p 00011000 ca:01 286360                     /usr/lib/jvm/java-8-openjdk-amd64/jre/lib/amd64/libnio.so
7fe8907dd000-7fe8909dd000 rw-p 00000000 00:00 0 
7fe8909dd000-7fe890bdd000 rw-p 00000000 00:00 0 
7fe890bdd000-7fe890bf4000 r-xp 00000000 ca:01 1984                       /lib/x86_64-linux-gnu/libresolv-2.23.so
7fe890bf4000-7fe890df4000 ---p 00017000 ca:01 1984                       /lib/x86_64-linux-gnu/libresolv-2.23.so
7fe890df4000-7fe890df5000 r--p 00017000 ca:01 1984                       /lib/x86_64-linux-gnu/libresolv-2.23.so
7fe890df5000-7fe890df6000 rw-p 00018000 ca:01 1984                       /lib/x86_64-linux-gnu/libresolv-2.23.so
7fe890df6000-7fe890df8000 rw-p 00000000 00:00 0 
7fe890df8000-7fe890dfd000 r-xp 00000000 ca:01 1990                       /lib/x86_64-linux-gnu/libnss_dns-2.23.so
7fe890dfd000-7fe890ffd000 ---p 00005000 ca:01 1990                       /lib/x86_64-linux-gnu/libnss_dns-2.23.so
7fe890ffd000-7fe890ffe000 r--p 00005000 ca:01 1990                       /lib/x86_64-linux-gnu/libnss_dns-2.23.so
7fe890ffe000-7fe890fff000 rw-p 00006000 ca:01 1990                       /lib/x86_64-linux-gnu/libnss_dns-2.23.so
7fe890fff000-7fe894000000 rw-p 00000000 00:00 0 
7fe894000000-7fe8969c1000 rw-p 00000000 00:00 0 
7fe8969c1000-7fe898000000 ---p 00000000 00:00 0 
7fe898000000-7fe898102000 rw-p 00000000 00:00 0 
7fe898102000-7fe89c000000 ---p 00000000 00:00 0 
7fe89c000000-7fe89c063000 rw-p 00000000 00:00 0 
7fe89c063000-7fe8a0000000 ---p 00000000 00:00 0 
7fe8a0000000-7fe8a3aa6000 rw-p 00000000 00:00 0 
7fe8a3aa6000-7fe8a4000000 ---p 00000000 00:00 0 
7fe8a4000000-7fe8a40af000 rw-p 00000000 00:00 0 
7fe8a40af000-7fe8a8000000 ---p 00000000 00:00 0 
7fe8a8000000-7fe8a808d000 rw-p 00000000 00:00 0 
7fe8a808d000-7fe8ac000000 ---p 00000000 00:00 0 
7fe8ac000000-7fe8ac5f8000 rw-p 00000000 00:00 0 
7fe8ac5f8000-7fe8b0000000 ---p 00000000 00:00 0 
7fe8b00ef000-7fe8b00f2000 ---p 00000000 00:00 0 
7fe8b00f2000-7fe8b01f0000 rw-p 00000000 00:00 0 
7fe8b01f0000-7fe8b01f1000 r-xp 00000000 ca:01 286366                     /usr/lib/jvm/java-8-openjdk-amd64/jre/lib/amd64/libjaas_unix.so
7fe8b01f1000-7fe8b03f0000 ---p 00001000 ca:01 286366                     /usr/lib/jvm/java-8-openjdk-amd64/jre/lib/amd64/libjaas_unix.so
7fe8b03f0000-7fe8b03f1000 r--p 00000000 ca:01 286366                     /usr/lib/jvm/java-8-openjdk-amd64/jre/lib/amd64/libjaas_unix.so
7fe8b03f1000-7fe8b03f2000 rw-p 00001000 ca:01 286366                     /usr/lib/jvm/java-8-openjdk-amd64/jre/lib/amd64/libjaas_unix.so
7fe8b03f2000-7fe8b03f5000 ---p 00000000 00:00 0 
7fe8b03f5000-7fe8b06f3000 rw-p 00000000 00:00 0 
7fe8b06f3000-7fe8b08f3000 rw-p 00000000 00:00 0 
7fe8b08f3000-7fe8b08fc000 r-xp 00000000 ca:01 286338                     /usr/lib/jvm/java-8-openjdk-amd64/jre/lib/amd64/libmanagement.so
7fe8b08fc000-7fe8b0afb000 ---p 00009000 ca:01 286338                     /usr/lib/jvm/java-8-openjdk-amd64/jre/lib/amd64/libmanagement.so
7fe8b0afb000-7fe8b0afc000 r--p 00008000 ca:01 286338                     /usr/lib/jvm/java-8-openjdk-amd64/jre/lib/amd64/libmanagement.so
7fe8b0afc000-7fe8b0afd000 rw-p 00009000 ca:01 286338                     /usr/lib/jvm/java-8-openjdk-amd64/jre/lib/amd64/libmanagement.so
7fe8b0afd000-7fe8b0b00000 ---p 00000000 00:00 0 
7fe8b0b00000-7fe8b0bfe000 rw-p 00000000 00:00 0 
7fe8b0bfe000-7fe8b0c01000 ---p 00000000 00:00 0 
7fe8b0c01000-7fe8b0eff000 rw-p 00000000 00:00 0 
7fe8b0eff000-7fe8b0f02000 ---p 00000000 00:00 0 
7fe8b0f02000-7fe8b1000000 rw-p 00000000 00:00 0 
7fe8b1000000-7fe8b43f0000 rwxp 00000000 00:00 0 
7fe8b43f0000-7fe8c0000000 ---p 00000000 00:00 0 
7fe8c0000000-7fe8c1169000 rw-p 00000000 00:00 0 
7fe8c1169000-7fe8c4000000 ---p 00000000 00:00 0 
7fe8c4081000-7fe8c4084000 ---p 00000000 00:00 0 
7fe8c4084000-7fe8c40ba000 rw-p 00000000 00:00 0 
7fe8c40ba000-7fe8c40d0000 r-xp 00000000 ca:01 286343                     /usr/lib/jvm/java-8-openjdk-amd64/jre/lib/amd64/libnet.so
7fe8c40d0000-7fe8c42d0000 ---p 00016000 ca:01 286343                     /usr/lib/jvm/java-8-openjdk-amd64/jre/lib/amd64/libnet.so
7fe8c42d0000-7fe8c42d1000 r--p 00016000 ca:01 286343                     /usr/lib/jvm/java-8-openjdk-amd64/jre/lib/amd64/libnet.so
7fe8c42d1000-7fe8c42d2000 rw-p 00017000 ca:01 286343                     /usr/lib/jvm/java-8-openjdk-amd64/jre/lib/amd64/libnet.so
7fe8c42d2000-7fe8c42d4000 r--s 00004000 ca:01 261587                     /home/ubuntu/spark-2.1.1-bin-hadoop2.7/jars/stax-api-1.0-2.jar
7fe8c42d4000-7fe8c42e2000 r--s 00078000 ca:01 261756                     /home/ubuntu/spark-2.1.1-bin-hadoop2.7/jars/spark-mesos_2.11-2.1.1.jar
7fe8c42e6000-7fe8c42e8000 r--s 00016000 ca:01 286312                     /usr/lib/jvm/java-8-openjdk-amd64/jre/lib/jce.jar
7fe8c42e8000-7fe8c42ed000 r--s 000a3000 ca:01 286376                     /usr/lib/jvm/java-8-openjdk-amd64/jre/lib/jsse.jar
7fe8c42ed000-7fe8c4300000 r--s 00346000 ca:01 286377                     /usr/lib/jvm/java-8-openjdk-amd64/jre/lib/resources.jar
7fe8c4300000-7fe8c4303000 r--s 00015000 ca:01 261533                     /home/ubuntu/spark-2.1.1-bin-hadoop2.7/jars/javax.servlet-api-3.1.0.jar
7fe8c4303000-7fe8c432f000 r--s 001c9000 ca:01 261798                     /home/ubuntu/spark-2.1.1-bin-hadoop2.7/jars/shapeless_2.11-2.0.0.jar
7fe8c432f000-7fe8c433a000 r--s 000b0000 ca:01 261731                     /home/ubuntu/spark-2.1.1-bin-hadoop2.7/jars/jtransforms-2.4.0.jar
7fe8c433a000-7fe8c4340000 r--s 00043000 ca:01 261858                     /home/ubuntu/spark-2.1.1-bin-hadoop2.7/jars/commons-configuration-1.6.jar
7fe8c4340000-7fe8c4344000 r--s 00019000 ca:01 261784                     /home/ubuntu/spark-2.1.1-bin-hadoop2.7/jars/javax.ws.rs-api-2.0.1.jar
7fe8c4344000-7fe8c4346000 r--s 00009000 ca:01 261839                     /home/ubuntu/spark-2.1.1-bin-hadoop2.7/jars/commons-cli-1.2.jar
7fe8c4346000-7fe8c4350000 r--s 00095000 ca:01 261728                     /home/ubuntu/spark-2.1.1-bin-hadoop2.7/jars/scala-xml_2.11-1.0.2.jar
7fe8c4350000-7fe8c4355000 r--s 00031000 ca:01 261744                     /home/ubuntu/spark-2.1.1-bin-hadoop2.7/jars/parquet-hadoop-1.8.1.jar
7fe8c4355000-7fe8c4359000 r--s 00020000 ca:01 261720                     /home/ubuntu/spark-2.1.1-bin-hadoop2.7/jars/commons-digester-1.8.jar
7fe8c4359000-7fe8c435b000 r--s 00027000 ca:01 261790                     /home/ubuntu/spark-2.1.1-bin-hadoop2.7/jars/core-1.1.2.jar
7fe8c435b000-7fe8c4372000 r--s 00183000 ca:01 261753                     /home/ubuntu/spark-2.1.1-bin-hadoop2.7/jars/hadoop-yarn-common-2.7.3.jar
7fe8c4372000-7fe8c4373000 r--s 00004000 ca:01 261711                     /home/ubuntu/spark-2.1.1-bin-hadoop2.7/jars/eigenbase-properties-1.1.5.jar
7fe8c4373000-7fe8c4379000 r--s 00044000 ca:01 261763                     /home/ubuntu/spark-2.1.1-bin-hadoop2.7/jars/antlr4-runtime-4.5.3.jar
7fe8c4379000-7fe8c437b000 r--s 0000b000 ca:01 261840                     /home/ubuntu/spark-2.1.1-bin-hadoop2.7/jars/chill-java-0.8.0.jar
7fe8c437b000-7fe8c4385000 r--s 00086000 ca:01 261718                     /home/ubuntu/spark-2.1.1-bin-hadoop2.7/jars/json4s-core_2.11-3.2.11.jar
7fe8c4385000-7fe8c4387000 r--s 0000f000 ca:01 261566                     /home/ubuntu/spark-2.1.1-bin-hadoop2.7/jars/activation-1.1.1.jar
7fe8c4387000-7fe8c438b000 r--s 00031000 ca:01 261583                     /home/ubuntu/spark-2.1.1-bin-hadoop2.7/jars/jline-2.12.1.jar
7fe8c438b000-7fe8c4391000 r--s 00028000 ca:01 261745                     /home/ubuntu/spark-2.1.1-bin-hadoop2.7/jars/curator-framework-2.6.0.jar
7fe8c4391000-7fe8c439e000 r--s 000b1000 ca:01 261545                     /home/ubuntu/spark-2.1.1-bin-hadoop2.7/jars/hadoop-mapreduce-client-common-2.7.3.jar
7fe8c439e000-7fe8c43a0000 r--s 00009000 ca:01 261758                     /home/ubuntu/spark-2.1.1-bin-hadoop2.7/jars/jackson-module-paranamer-2.6.5.jar
7fe8c43a0000-7fe8c43a1000 r--s 00009000 ca:01 261845                     /home/ubuntu/spark-2.1.1-bin-hadoop2.7/jars/slf4j-api-1.7.16.jar
7fe8c43a1000-7fe8c43a2000 r--s 00004000 ca:01 261710                     /home/ubuntu/spark-2.1.1-bin-hadoop2.7/jars/jackson-jaxrs-1.9.13.jar
7fe8c43a2000-7fe8c43a4000 r--s 00012000 ca:01 261803                     /home/ubuntu/spark-2.1.1-bin-hadoop2.7/jars/api-util-1.0.0-M20.jar
7fe8c43a4000-7fe8c43ac000 r--s 00066000 ca:01 261732                     /home/ubuntu/spark-2.1.1-bin-hadoop2.7/jars/apache-log4j-extras-1.2.17.jar
7fe8c43ac000-7fe8c43da000 r--s 00212000 ca:01 261712                     /home/ubuntu/spark-2.1.1-bin-hadoop2.7/jars/spark-network-common_2.11-2.1.1.jar
7fe8c43da000-7fe8c43e2000 r--s 0006e000 ca:01 261765                     /home/ubuntu/spark-2.1.1-bin-hadoop2.7/jars/commons-lang3-3.5.jar
7fe8c43e2000-7fe8c43e3000 r--s 00009000 ca:01 261830                     /home/ubuntu/spark-2.1.1-bin-hadoop2.7/jars/hive-cli-1.2.1.spark2.jar
7fe8c43e3000-7fe8c43f9000 r--s 001a4000 ca:01 261613                     /home/ubuntu/spark-2.1.1-bin-hadoop2.7/jars/datanucleus-rdbms-3.2.9.jar
7fe8c43f9000-7fe8c440a000 r--s 0010d000 ca:01 261714                     /home/ubuntu/spark-2.1.1-bin-hadoop2.7/jars/jackson-databind-2.6.5.jar
7fe8c440a000-7fe8c440c000 r--s 0000a000 ca:01 261612                     /home/ubuntu/spark-2.1.1-bin-hadoop2.7/jars/spark-unsafe_2.11-2.1.1.jar
7fe8c440c000-7fe8c4430000 r--s 001cd000 ca:01 261855                     /home/ubuntu/spark-2.1.1-bin-hadoop2.7/jars/commons-math3-3.4.1.jar
7fe8c4430000-7fe8c4434000 r--s 0002a000 ca:01 261747                     /home/ubuntu/spark-2.1.1-bin-hadoop2.7/jars/commons-io-2.4.jar
7fe8c4434000-7fe8c443c000 r--s 00059000 ca:01 261611                     /home/ubuntu/spark-2.1.1-bin-hadoop2.7/jars/javolution-5.5.1.jar
7fe8c443c000-7fe8c443d000 r--s 00003000 ca:01 261568                     /home/ubuntu/spark-2.1.1-bin-hadoop2.7/jars/jta-1.1.jar
7fe8c443d000-7fe8c4440000 r--s 00009000 ca:01 261751                     /home/ubuntu/spark-2.1.1-bin-hadoop2.7/jars/jackson-annotations-2.6.5.jar
7fe8c4440000-7fe8c44b4000 r--s 00574000 ca:01 261739                     /home/ubuntu/spark-2.1.1-bin-hadoop2.7/jars/spark-mllib_2.11-2.1.1.jar
7fe8c44b4000-7fe8c44cf000 r--s 001d8000 ca:01 261572                     /home/ubuntu/spark-2.1.1-bin-hadoop2.7/jars/jets3t-0.9.3.jar
7fe8c44cf000-7fe8c455a000 r--s 0069e000 ca:01 261713                     /home/ubuntu/spark-2.1.1-bin-hadoop2.7/jars/spark-catalyst_2.11-2.1.1.jar
7fe8c455a000-7fe8c455f000 r--s 0002a000 ca:01 261576                     /home/ubuntu/spark-2.1.1-bin-hadoop2.7/jars/commons-beanutils-1.7.0.jar
7fe8c455f000-7fe8c4561000 r--s 00006000 ca:01 261588                     /home/ubuntu/spark-2.1.1-bin-hadoop2.7/jars/paranamer-2.3.jar
7fe8c4561000-7fe8c4565000 r--s 0002c000 ca:01 261748                     /home/ubuntu/spark-2.1.1-bin-hadoop2.7/jars/avro-ipc-1.7.7.jar
7fe8c4565000-7fe8c4566000 r--s 00003000 ca:01 261594                     /home/ubuntu/spark-2.1.1-bin-hadoop2.7/jars/xmlenc-0.52.jar
7fe8c4566000-7fe8c4583000 r--s 001d5000 ca:01 261860                     /home/ubuntu/spark-2.1.1-bin-hadoop2.7/jars/hadoop-yarn-api-2.7.3.jar
7fe8c4583000-7fe8c4584000 r--s 00004000 ca:01 261716                     /home/ubuntu/spark-2.1.1-bin-hadoop2.7/jars/opencsv-2.3.jar
7fe8c4584000-7fe8c4588000 r--s 00014000 ca:01 261856                     /home/ubuntu/spark-2.1.1-bin-hadoop2.7/jars/xz-1.0.jar
7fe8c4588000-7fe8c458b000 r--s 000fd000 ca:01 261604                     /home/ubuntu/spark-2.1.1-bin-hadoop2.7/jars/leveldbjni-all-1.8.jar
7fe8c458b000-7fe8c4591000 r--s 00063000 ca:01 261849                     /home/ubuntu/spark-2.1.1-bin-hadoop2.7/jars/jodd-core-3.5.2.jar
7fe8c4591000-7fe8c4595000 r--s 00030000 ca:01 261532                     /home/ubuntu/spark-2.1.1-bin-hadoop2.7/jars/commons-net-2.2.jar
7fe8c4595000-7fe8c4599000 r--s 00028000 ca:01 261608                     /home/ubuntu/spark-2.1.1-bin-hadoop2.7/jars/spark-mllib-local_2.11-2.1.1.jar
7fe8c4599000-7fe8c45a0000 r--s 0007d000 ca:01 261722                     /home/ubuntu/spark-2.1.1-bin-hadoop2.7/jars/jetty-6.1.26.jar
7fe8c45a0000-7fe8c45a3000 r--s 0002f000 ca:01 261546                     /home/ubuntu/spark-2.1.1-bin-hadoop2.7/jars/RoaringBitmap-0.5.11.jar
7fe8c45a3000-7fe8c45a4000 r--s 00004000 ca:01 261866                     /home/ubuntu/spark-2.1.1-bin-hadoop2.7/jars/osgi-resource-locator-1.0.1.jar
7fe8c45a4000-7fe8c45c5000 r--s 0019b000 ca:01 261796                     /home/ubuntu/spark-2.1.1-bin-hadoop2.7/jars/spark-hive-thriftserver_2.11-2.1.1.jar
7fe8c45c5000-7fe8c45ca000 r--s 00041000 ca:01 261740                     /home/ubuntu/spark-2.1.1-bin-hadoop2.7/jars/commons-lang-2.6.jar
7fe8c45ca000-7fe8c45cc000 r--s 00020000 ca:01 261749                     /home/ubuntu/spark-2.1.1-bin-hadoop2.7/jars/hive-beeline-1.2.1.spark2.jar
7fe8c45cc000-7fe8c45d3000 r--s 00049000 ca:01 261736                     /home/ubuntu/spark-2.1.1-bin-hadoop2.7/jars/httpcore-4.4.4.jar
7fe8c45d3000-7fe8c45d5000 r--s 00014000 ca:01 261717                     /home/ubuntu/spark-2.1.1-bin-hadoop2.7/jars/spire-macros_2.11-0.7.4.jar
7fe8c45d5000-7fe8c45d6000 r--s 00001000 ca:01 261621                     /home/ubuntu/spark-2.1.1-bin-hadoop2.7/jars/pmml-schema-1.2.15.jar
7fe8c45d6000-7fe8c45da000 r--s 00028000 ca:01 261573                     /home/ubuntu/spark-2.1.1-bin-hadoop2.7/jars/jetty-util-6.1.26.jar
7fe8c45da000-7fe8c45dd000 r--s 00006000 ca:01 261721                     /home/ubuntu/spark-2.1.1-bin-hadoop2.7/jars/jsr305-1.3.9.jar
7fe8c45dd000-7fe8c45e4000 r--s 0005d000 ca:01 261793                     /home/ubuntu/spark-2.1.1-bin-hadoop2.7/jars/mx4j-3.0.2.jar
7fe8c45e4000-7fe8c45e6000 r--s 0000e000 ca:01 261821                     /home/ubuntu/spark-2.1.1-bin-hadoop2.7/jars/guice-servlet-3.0.jar
7fe8c45e6000-7fe8c45ee000 r--s 0007b000 ca:01 261737                     /home/ubuntu/spark-2.1.1-bin-hadoop2.7/jars/protobuf-java-2.5.0.jar
7fe8c45ee000-7fe8c45f7000 r--s 00062000 ca:01 261580                     /home/ubuntu/spark-2.1.1-bin-hadoop2.7/jars/avro-1.7.7.jar
7fe8c45f7000-7fe8c45f9000 r--s 00003000 ca:01 261733                     /home/ubuntu/spark-2.1.1-bin-hadoop2.7/jars/jcl-over-slf4j-1.7.16.jar
7fe8c45f9000-7fe8c46c9000 r--s 00cf0000 ca:01 261540                     /home/ubuntu/spark-2.1.1-bin-hadoop2.7/jars/breeze_2.11-0.12.jar
7fe8c46c9000-7fe8c46ca000 r--s 00002000 ca:01 261619                     /home/ubuntu/spark-2.1.1-bin-hadoop2.7/jars/slf4j-log4j12-1.7.16.jar
7fe8c46ca000-7fe8c46cc000 r--s 00006000 ca:01 261578                     /home/ubuntu/spark-2.1.1-bin-hadoop2.7/jars/spark-sketch_2.11-2.1.1.jar
7fe8c46cc000-7fe8c46d1000 r--s 00068000 ca:01 261791                     /home/ubuntu/spark-2.1.1-bin-hadoop2.7/jars/antlr-2.7.7.jar
7fe8c46d1000-7fe8c46d3000 r--s 00000000 ca:01 261759                     /home/ubuntu/spark-2.1.1-bin-hadoop2.7/jars/aopalliance-1.0.jar
7fe8c46d3000-7fe8c46d5000 r--s 00012000 ca:01 261730                     /home/ubuntu/spark-2.1.1-bin-hadoop2.7/jars/compress-lzf-1.0.3.jar
7fe8c46d5000-7fe8c46e2000 r--s 0009e000 ca:01 261822                     /home/ubuntu/spark-2.1.1-bin-hadoop2.7/jars/spark-graphx_2.11-2.1.1.jar
7fe8c46e2000-7fe8c46e7000 r--s 00028000 ca:01 261841                     /home/ubuntu/spark-2.1.1-bin-hadoop2.7/jars/avro-mapred-1.7.7-hadoop2.jar
7fe8c46e7000-7fe8c46fd000 r--s 00124000 ca:01 261833                     /home/ubuntu/spark-2.1.1-bin-hadoop2.7/jars/ivy-2.4.0.jar
7fe8c46fd000-7fe8c4705000 r--s 00078000 ca:01 261805                     /home/ubuntu/spark-2.1.1-bin-hadoop2.7/jars/mail-1.4.7.jar
7fe8c4705000-7fe8c470a000 r--s 0004e000 ca:01 261582                     /home/ubuntu/spark-2.1.1-bin-hadoop2.7/jars/datanucleus-api-jdo-3.2.6.jar
7fe8c470a000-7fe8c47e2000 r--s 00a88000 ca:01 261543                     /home/ubuntu/spark-2.1.1-bin-hadoop2.7/jars/spark-core_2.11-2.1.1.jar
7fe8c47e2000-7fe8c47fa000 r--s 001b6000 ca:01 261569                     /home/ubuntu/spark-2.1.1-bin-hadoop2.7/jars/datanucleus-core-3.2.10.jar
7fe8c47fa000-7fe8c480e000 r--s 000ec000 ca:01 261539                     /home/ubuntu/spark-2.1.1-bin-hadoop2.7/jars/parquet-jackson-1.8.1.jar
7fe8c480e000-7fe8c4810000 r--s 0000e000 ca:01 261785                     /home/ubuntu/spark-2.1.1-bin-hadoop2.7/jars/hadoop-mapreduce-client-jobclient-2.7.3.jar
7fe8c4810000-7fe8c4812000 r--s 0000e000 ca:01 261536                     /home/ubuntu/spark-2.1.1-bin-hadoop2.7/jars/oro-2.0.8.jar
7fe8c4812000-7fe8c4814000 r--s 00003000 ca:01 261826                     /home/ubuntu/spark-2.1.1-bin-hadoop2.7/jars/JavaEWAH-0.3.2.jar
7fe8c4814000-7fe8c4816000 r--s 0000f000 ca:01 261757                     /home/ubuntu/spark-2.1.1-bin-hadoop2.7/jars/spark-launcher_2.11-2.1.1.jar
7fe8c4816000-7fe8c4838000 r--s 00335000 ca:01 261750                     /home/ubuntu/spark-2.1.1-bin-hadoop2.7/jars/mesos-1.0.0-shaded-protobuf.jar
7fe8c4838000-7fe8c4839000 r--s 00001000 ca:01 261610                     /home/ubuntu/spark-2.1.1-bin-hadoop2.7/jars/minlog-1.3.0.jar
7fe8c4839000-7fe8c483c000 r--s 0001a000 ca:01 261834                     /home/ubuntu/spark-2.1.1-bin-hadoop2.7/jars/py4j-0.10.4.jar
7fe8c483c000-7fe8c483d000 r--s 00009000 ca:01 261601                     /home/ubuntu/spark-2.1.1-bin-hadoop2.7/jars/json4s-jackson_2.11-3.2.11.jar
7fe8c483d000-7fe8c483f000 r--s 0000d000 ca:01 261725                     /home/ubuntu/spark-2.1.1-bin-hadoop2.7/jars/hadoop-yarn-server-web-proxy-2.7.3.jar
7fe8c483f000-7fe8c48a2000 r--s 004de000 ca:01 261719                     /home/ubuntu/spark-2.1.1-bin-hadoop2.7/jars/hive-metastore-1.2.1.spark2.jar
7fe8c48a2000-7fe8c48a9000 r--s 00039000 ca:01 261727                     /home/ubuntu/spark-2.1.1-bin-hadoop2.7/jars/calcite-avatica-1.2.0-incubating.jar
7fe8c48a9000-7fe8c48b0000 r--s 0003f000 ca:01 261603                     /home/ubuntu/spark-2.1.1-bin-hadoop2.7/jars/commons-codec-1.10.jar
7fe8c48b0000-7fe8c48b2000 r--s 00100000 ca:01 261842                     /home/ubuntu/spark-2.1.1-bin-hadoop2.7/jars/snappy-java-1.1.2.6.jar
7fe8c48b2000-7fe8c48b6000 r--s 00029000 ca:01 261591                     /home/ubuntu/spark-2.1.1-bin-hadoop2.7/jars/hk2-locator-2.4.0-b34.jar
7fe8c48b6000-7fe8c48b9000 r--s 0000d000 ca:01 261742                     /home/ubuntu/spark-2.1.1-bin-hadoop2.7/jars/spark-network-shuffle_2.11-2.1.1.jar
7fe8c48b9000-7fe8c48ba000 r--s 00006000 ca:01 261788                     /home/ubuntu/spark-2.1.1-bin-hadoop2.7/jars/jackson-xc-1.9.13.jar
7fe8c48ba000-7fe8c48d0000 r--s 000d1000 ca:01 261585                     /home/ubuntu/spark-2.1.1-bin-hadoop2.7/jars/parquet-column-1.8.1.jar
7fe8c48d0000-7fe8c48f5000 rw-p 00000000 00:00 0 
7fe8c48f5000-7fe8c4a01000 r--s 00dba000 ca:01 261859                     /home/ubuntu/spark-2.1.1-bin-hadoop2.7/jars/scala-compiler-2.11.8.jar
7fe8c4a01000-7fe8c4a02000 r--s 00002000 ca:01 261764                     /home/ubuntu/spark-2.1.1-bin-hadoop2.7/jars/jpam-1.1.jar
7fe8c4a02000-7fe8c4a11000 r--s 0009f000 ca:01 261734                     /home/ubuntu/spark-2.1.1-bin-hadoop2.7/jars/guice-3.0.jar
7fe8c4a11000-7fe8c4a2a000 r--s 00150000 ca:01 261626                     /home/ubuntu/spark-2.1.1-bin-hadoop2.7/jars/htrace-core-3.1.0-incubating.jar
7fe8c4a2a000-7fe8c4a40000 r--s 000d3000 ca:01 261625                     /home/ubuntu/spark-2.1.1-bin-hadoop2.7/jars/jersey-server-2.22.2.jar
7fe8c4a40000-7fe8c4a42000 r--s 00008000 ca:01 261581                     /home/ubuntu/spark-2.1.1-bin-hadoop2.7/jars/parquet-common-1.8.1.jar
7fe8c4a42000-7fe8c4a44000 r--s 00002000 ca:01 261606                     /home/ubuntu/spark-2.1.1-bin-hadoop2.7/jars/aopalliance-repackaged-2.4.0-b34.jar
7fe8c4a44000-7fe8c4a48000 r--s 0003c000 ca:01 261854                     /home/ubuntu/spark-2.1.1-bin-hadoop2.7/jars/jackson-core-2.6.5.jar
7fe8c4a48000-7fe8c4a53000 r--s 00062000 ca:01 261729                     /home/ubuntu/spark-2.1.1-bin-hadoop2.7/jars/calcite-linq4j-1.2.0-incubating.jar
7fe8c4a53000-7fe8c4a89000 r--s 0031c000 ca:01 261565                     /home/ubuntu/spark-2.1.1-bin-hadoop2.7/jars/hadoop-common-2.7.3.jar
7fe8c4a89000-7fe8c4a8d000 r--s 0001a000 ca:01 261579                     /home/ubuntu/spark-2.1.1-bin-hadoop2.7/jars/hk2-utils-2.4.0-b34.jar
7fe8c4a8d000-7fe8c4a99000 r--s 000b6000 ca:01 261831                     /home/ubuntu/spark-2.1.1-bin-hadoop2.7/jars/zookeeper-3.4.6.jar
7fe8c4a99000-7fe8c4a9f000 r--s 00040000 ca:01 261709                     /home/ubuntu/spark-2.1.1-bin-hadoop2.7/jars/parquet-encoding-1.8.1.jar
7fe8c4a9f000-7fe8c4aa4000 r--s 00036000 ca:01 261574                     /home/ubuntu/spark-2.1.1-bin-hadoop2.7/jars/commons-compress-1.4.1.jar
7fe8c4aa4000-7fe8c4ad1000 r--s 001d4000 ca:01 261863                     /home/ubuntu/spark-2.1.1-bin-hadoop2.7/jars/spark-streaming_2.11-2.1.1.jar
7fe8c4ad1000-7fe8c4ad4000 r--s 00022000 ca:01 261806                     /home/ubuntu/spark-2.1.1-bin-hadoop2.7/jars/stringtemplate-3.2.1.jar
7fe8c4ad4000-7fe8c4adb000 r--s 00036000 ca:01 261624                     /home/ubuntu/spark-2.1.1-bin-hadoop2.7/jars/curator-recipes-2.6.0.jar
7fe8c4adb000-7fe8c4adf000 r--s 00029000 ca:01 261548                     /home/ubuntu/spark-2.1.1-bin-hadoop2.7/jars/breeze-macros_2.11-0.12.jar
7fe8c4adf000-7fe8c4ae3000 r--s 00036000 ca:01 261851                     /home/ubuntu/spark-2.1.1-bin-hadoop2.7/jars/ST4-4.0.4.jar
7fe8c4ae3000-7fe8c4ae7000 r--s 00018000 ca:01 261584                     /home/ubuntu/spark-2.1.1-bin-hadoop2.7/jars/metrics-core-3.1.2.jar
7fe8c4ae7000-7fe8c4af5000 r--s 000b1000 ca:01 261754                     /home/ubuntu/spark-2.1.1-bin-hadoop2.7/jars/jackson-mapper-asl-1.9.13.jar
7fe8c4af5000-7fe8c4b05000 r--s 000a0000 ca:01 261599                     /home/ubuntu/spark-2.1.1-bin-hadoop2.7/jars/spark-yarn_2.11-2.1.1.jar
7fe8c4b05000-7fe8c4b06000 r--s 00003000 ca:01 261590                     /home/ubuntu/spark-2.1.1-bin-hadoop2.7/jars/spark-tags_2.11-2.1.1.jar
7fe8c4b06000-7fe8c4b18000 r--s 00097000 ca:01 261804                     /home/ubuntu/spark-2.1.1-bin-hadoop2.7/jars/apacheds-kerberos-codec-2.0.0-M15.jar
7fe8c4b18000-7fe8c4b1b000 r--s 00017000 ca:01 261800                     /home/ubuntu/spark-2.1.1-bin-hadoop2.7/jars/jaxb-api-2.2.2.jar
7fe8c4b1b000-7fe8c4b1d000 r--s 00009000 ca:01 261848                     /home/ubuntu/spark-2.1.1-bin-hadoop2.7/jars/objenesis-2.1.jar
7fe8c4b1d000-7fe8c4b88000 r--s 00784000 ca:01 261535                     /home/ubuntu/spark-2.1.1-bin-hadoop2.7/jars/hadoop-hdfs-2.7.3.jar
7fe8c4b88000-7fe8c4b8a000 r--s 00010000 ca:01 261752                     /home/ubuntu/spark-2.1.1-bin-hadoop2.7/jars/jersey-media-jaxb-2.22.2.jar
7fe8c4b8a000-7fe8c4b97000 r--s 00083000 ca:01 261598                     /home/ubuntu/spark-2.1.1-bin-hadoop2.7/jars/commons-collections-3.2.2.jar
7fe8c4b97000-7fe8c4b9e000 r--s 00051000 ca:01 261542                     /home/ubuntu/spark-2.1.1-bin-hadoop2.7/jars/kryo-shaded-3.0.3.jar
7fe8c4b9e000-7fe8c4bd5000 r--s 00325000 ca:01 261802                     /home/ubuntu/spark-2.1.1-bin-hadoop2.7/jars/calcite-core-1.2.0-incubating.jar
7fe8c4bd5000-7fe8c4bd8000 r--s 00012000 ca:01 261602                     /home/ubuntu/spark-2.1.1-bin-hadoop2.7/jars/json4s-ast_2.11-3.2.11.jar
7fe8c4bd8000-7fe8c4bda000 r--s 0000e000 ca:01 261794                     /home/ubuntu/spark-2.1.1-bin-hadoop2.7/jars/commons-logging-1.1.3.jar
7fe8c4bda000-7fe8c4c83000 r--s 00a4f000 ca:01 261801                     /home/ubuntu/spark-2.1.1-bin-hadoop2.7/jars/hive-exec-1.2.1.spark2.jar
7fe8c4c83000-7fe8c4c84000 r--s 0000b000 ca:01 261631                     /home/ubuntu/spark-2.1.1-bin-hadoop2.7/jars/snappy-0.2.jar
7fe8c4c84000-7fe8c4c87000 r--s 00028000 ca:01 261541                     /home/ubuntu/spark-2.1.1-bin-hadoop2.7/jars/stream-2.7.0.jar
7fe8c4c87000-7fe8c4cbb000 r--s 00277000 ca:01 261592                     /home/ubuntu/spark-2.1.1-bin-hadoop2.7/jars/parquet-hadoop-bundle-1.6.0.jar
7fe8c4cbb000-7fe8c4cbf000 r--s 0000c000 ca:01 261617                     /home/ubuntu/spark-2.1.1-bin-hadoop2.7/jars/validation-api-1.1.0.Final.jar
7fe8c4cbf000-7fe8c4ce8000 r--s 001ee000 ca:01 261862                     /home/ubuntu/spark-2.1.1-bin-hadoop2.7/jars/guava-14.0.1.jar
7fe8c4ce8000-7fe8c4cf5000 r--s 00071000 ca:01 261832                     /home/ubuntu/spark-2.1.1-bin-hadoop2.7/jars/jackson-module-scala_2.11-2.6.5.jar
7fe8c4cf5000-7fe8c4d0e000 r--s 00114000 ca:01 261577                     /home/ubuntu/spark-2.1.1-bin-hadoop2.7/jars/spark-hive_2.11-2.1.1.jar
7fe8c4d0e000-7fe8c4d26000 r--s 00115000 ca:01 261824                     /home/ubuntu/spark-2.1.1-bin-hadoop2.7/jars/netty-3.8.0.Final.jar
7fe8c4d26000-7fe8c4d7f000 r--s 00522000 ca:01 261865                     /home/ubuntu/spark-2.1.1-bin-hadoop2.7/jars/scala-library-2.11.8.jar
7fe8c4d7f000-7fe8c4d86000 r--s 00049000 ca:01 261852                     /home/ubuntu/spark-2.1.1-bin-hadoop2.7/jars/univocity-parsers-2.2.1.jar
7fe8c4d86000-7fe8c4dd2000 r--s 00411000 ca:01 261857                     /home/ubuntu/spark-2.1.1-bin-hadoop2.7/jars/scala-reflect-2.11.8.jar
7fe8c4dd2000-7fe8c4de0000 r--s 0009d000 ca:01 261614                     /home/ubuntu/spark-2.1.1-bin-hadoop2.7/jars/jersey-common-2.22.2.jar
7fe8c4de0000-7fe8c4dea000 r--s 000aa000 ca:01 261762                     /home/ubuntu/spark-2.1.1-bin-hadoop2.7/jars/janino-3.0.0.jar
7fe8c4dea000-7fe8c4deb000 r--s 00008000 ca:01 261844                     /home/ubuntu/spark-2.1.1-bin-hadoop2.7/jars/commons-compiler-3.0.0.jar
7fe8c4deb000-7fe8c4df4000 r--s 00097000 ca:01 261837                     /home/ubuntu/spark-2.1.1-bin-hadoop2.7/jars/pmml-model-1.2.15.jar
7fe8c4df4000-7fe8c4df6000 r--s 00005000 ca:01 261741                     /home/ubuntu/spark-2.1.1-bin-hadoop2.7/jars/stax-api-1.0.1.jar
7fe8c4df6000-7fe8c4dfa000 r--s 00035000 ca:01 261597                     /home/ubuntu/spark-2.1.1-bin-hadoop2.7/jars/jackson-core-asl-1.9.13.jar
7fe8c4dfa000-7fe8c4dfd000 r--s 00019000 ca:01 261530                     /home/ubuntu/spark-2.1.1-bin-hadoop2.7/jars/bonecp-0.8.0.RELEASE.jar
7fe8c4dfd000-7fe8c4dff000 r--s 00038000 ca:01 261789                     /home/ubuntu/spark-2.1.1-bin-hadoop2.7/jars/lz4-1.3.0.jar
7fe8c4dff000-7fe8c4e18000 r--s 00164000 ca:01 261738                     /home/ubuntu/spark-2.1.1-bin-hadoop2.7/jars/hadoop-mapreduce-client-core-2.7.3.jar
7fe8c4e18000-7fe8c4e1b000 r--s 00026000 ca:01 261792                     /home/ubuntu/spark-2.1.1-bin-hadoop2.7/jars/hadoop-yarn-client-2.7.3.jar
7fe8c4e1b000-7fe8c4e1d000 r--s 00017000 ca:01 261607                     /home/ubuntu/spark-2.1.1-bin-hadoop2.7/jars/hive-jdbc-1.2.1.spark2.jar
7fe8c4e1d000-7fe8c4e9e000 r--s 005d9000 ca:01 261746                     /home/ubuntu/spark-2.1.1-bin-hadoop2.7/jars/spark-sql_2.11-2.1.1.jar
7fe8c4e9e000-7fe8c4e9f000 r--s 00006000 ca:01 261755                     /home/ubuntu/spark-2.1.1-bin-hadoop2.7/jars/hadoop-client-2.7.3.jar
7fe8c4e9f000-7fe8c4ea6000 r--s 00058000 ca:01 261609                     /home/ubuntu/spark-2.1.1-bin-hadoop2.7/jars/hadoop-yarn-server-common-2.7.3.jar
7fe8c4ea6000-7fe8c4ea7000 r--s 0000a000 ca:01 261616                     /home/ubuntu/spark-2.1.1-bin-hadoop2.7/jars/apacheds-i18n-2.0.0-M15.jar
7fe8c4ea7000-7fe8c4ea8000 r--s 00000000 ca:01 261600                     /home/ubuntu/spark-2.1.1-bin-hadoop2.7/jars/javax.inject-1.jar
7fe8c4ea8000-7fe8c4eae000 r--s 00045000 ca:01 261605                     /home/ubuntu/spark-2.1.1-bin-hadoop2.7/jars/commons-httpclient-3.1.jar
7fe8c4eae000-7fe8c4ebb000 r--s 000a7000 ca:01 261627                     /home/ubuntu/spark-2.1.1-bin-hadoop2.7/jars/httpclient-4.5.2.jar
7fe8c4ebb000-7fe8c4ebd000 r--s 0001f000 ca:01 261825                     /home/ubuntu/spark-2.1.1-bin-hadoop2.7/jars/commons-crypto-1.0.0.jar
7fe8c4ebd000-7fe8c4ec2000 r--s 0002a000 ca:01 261735                     /home/ubuntu/spark-2.1.1-bin-hadoop2.7/jars/gson-2.2.4.jar
7fe8c4ec2000-7fe8c4f02000 r--s 00277000 ca:01 261767                     /home/ubuntu/spark-2.1.1-bin-hadoop2.7/jars/bcprov-jdk15on-1.51.jar
7fe8c4f02000-7fe8c4f05000 r--s 00016000 ca:01 261593                     /home/ubuntu/spark-2.1.1-bin-hadoop2.7/jars/jsp-api-2.1.jar
7fe8c4f05000-7fe8c4f06000 r--s 00001000 ca:01 261838                     /home/ubuntu/spark-2.1.1-bin-hadoop2.7/jars/javax.inject-2.4.0-b34.jar
7fe8c4f06000-7fe8c4f07000 r--s 00002000 ca:01 261586                     /home/ubuntu/spark-2.1.1-bin-hadoop2.7/jars/java-xmlbuilder-1.0.jar
7fe8c4f07000-7fe8c4f09000 r--s 00015000 ca:01 261547                     /home/ubuntu/spark-2.1.1-bin-hadoop2.7/jars/hadoop-auth-2.7.3.jar
7fe8c4f09000-7fe8c4f0d000 r--s 0002f000 ca:01 261795                     /home/ubuntu/spark-2.1.1-bin-hadoop2.7/jars/commons-beanutils-core-1.8.0.jar
7fe8c4f0d000-7fe8c4f3c000 r--s 002e5000 ca:01 261846                     /home/ubuntu/spark-2.1.1-bin-hadoop2.7/jars/derby-10.12.1.1.jar
7fe8c4f3c000-7fe8c4f3e000 r--s 00008000 ca:01 261544                     /home/ubuntu/spark-2.1.1-bin-hadoop2.7/jars/metrics-jvm-3.1.2.jar
7fe8c4f3e000-7fe8c4f41000 r--s 00015000 ca:01 261723                     /home/ubuntu/spark-2.1.1-bin-hadoop2.7/jars/pyrolite-4.13.jar
7fe8c4f41000-7fe8c4f43000 r--s 0000e000 ca:01 261760                     /home/ubuntu/spark-2.1.1-bin-hadoop2.7/jars/spark-repl_2.11-2.1.1.jar
7fe8c4f43000-7fe8c4f4c000 r--s 0006f000 ca:01 261724                     /home/ubuntu/spark-2.1.1-bin-hadoop2.7/jars/log4j-1.2.17.jar
7fe8c4f4c000-7fe8c4f50000 r--s 00025000 ca:01 261850                     /home/ubuntu/spark-2.1.1-bin-hadoop2.7/jars/jersey-client-2.22.2.jar
7fe8c4f50000-7fe8c4f57000 r--s 00058000 ca:01 261589                     /home/ubuntu/spark-2.1.1-bin-hadoop2.7/jars/parquet-format-2.3.0-incubating.jar
7fe8c4f57000-7fe8c4f59000 r--s 00003000 ca:01 261615                     /home/ubuntu/spark-2.1.1-bin-hadoop2.7/jars/api-asn1-api-1.0.0-M20.jar
7fe8c4f59000-7fe8c4f63000 r--s 0007b000 ca:01 261847                     /home/ubuntu/spark-2.1.1-bin-hadoop2.7/jars/hadoop-mapreduce-client-app-2.7.3.jar
7fe8c4f63000-7fe8c4f66000 r--s 0000e000 ca:01 261575                     /home/ubuntu/spark-2.1.1-bin-hadoop2.7/jars/jersey-container-servlet-core-2.22.2.jar
7fe8c4f66000-7fe8c4f6a000 r--s 00025000 ca:01 261538                     /home/ubuntu/spark-2.1.1-bin-hadoop2.7/jars/antlr-runtime-3.4.jar
7fe8c4f6a000-7fe8c4f7b000 r--s 00089000 ca:01 261623                     /home/ubuntu/spark-2.1.1-bin-hadoop2.7/jars/joda-time-2.9.3.jar
7fe8c4f7b000-7fe8c4f7d000 r--s 00005000 ca:01 261743                     /home/ubuntu/spark-2.1.1-bin-hadoop2.7/jars/javax.annotation-api-1.2.jar
7fe8c4f7d000-7fe8c4f82000 r--s 00032000 ca:01 261864                     /home/ubuntu/spark-2.1.1-bin-hadoop2.7/jars/chill_2.11-0.8.0.jar
7fe8c4f82000-7fe8c4f8d000 r--s 0005d000 ca:01 261853                     /home/ubuntu/spark-2.1.1-bin-hadoop2.7/jars/scala-parser-combinators_2.11-1.0.4.jar
7fe8c4f8d000-7fe8c4f9f000 r--s 00112000 ca:01 261835                     /home/ubuntu/spark-2.1.1-bin-hadoop2.7/jars/arpack_combined_all-0.1.jar
7fe8c4f9f000-7fe8c4fb7000 r--s 000d6000 ca:01 261571                     /home/ubuntu/spark-2.1.1-bin-hadoop2.7/jars/jersey-guava-2.22.2.jar
7fe8c4fb7000-7fe8c4fbd000 r--s 0002c000 ca:01 261828                     /home/ubuntu/spark-2.1.1-bin-hadoop2.7/jars/jdo-api-3.0.1.jar
7fe8c4fbd000-7fe8c4fc4000 r--s 00046000 ca:01 261797                     /home/ubuntu/spark-2.1.1-bin-hadoop2.7/jars/libfb303-0.9.3.jar
7fe8c4fc4000-7fe8c4fc6000 r--s 00010000 ca:01 261622                     /home/ubuntu/spark-2.1.1-bin-hadoop2.7/jars/hadoop-mapreduce-client-shuffle-2.7.3.jar
7fe8c4fc6000-7fe8c4fc8000 r--s 00000000 ca:01 261836                     /home/ubuntu/spark-2.1.1-bin-hadoop2.7/jars/jul-to-slf4j-1.7.16.jar
7fe8c4fc8000-7fe8c4fcb000 r--s 00014000 ca:01 261761                     /home/ubuntu/spark-2.1.1-bin-hadoop2.7/jars/super-csv-2.2.0.jar
7fe8c4fcb000-7fe8c4fdd000 r--s 000b3000 ca:01 261829                     /home/ubuntu/spark-2.1.1-bin-hadoop2.7/jars/scalap-2.11.8.jar
7fe8c4fdd000-7fe8c4fdf000 r--s 00003000 ca:01 261843                     /home/ubuntu/spark-2.1.1-bin-hadoop2.7/jars/base64-2.3.8.jar
7fe8c4fdf000-7fe8c4fe1000 r--s 00003000 ca:01 261570                     /home/ubuntu/spark-2.1.1-bin-hadoop2.7/jars/jersey-container-servlet-2.22.2.jar
7fe8c4fe1000-7fe8c4feb000 r--s 000a5000 ca:01 261766                     /home/ubuntu/spark-2.1.1-bin-hadoop2.7/jars/javassist-3.18.1-GA.jar
7fe8c4feb000-7fe8c5003000 r--s 00115000 ca:01 261537                     /home/ubuntu/spark-2.1.1-bin-hadoop2.7/jars/xercesImpl-2.9.1.jar
7fe8c5003000-7fe8c5006000 r--s 00021000 ca:01 261596                     /home/ubuntu/spark-2.1.1-bin-hadoop2.7/jars/xbean-asm5-shaded-4.4.jar
7fe8c5006000-7fe8c5009000 r--s 00025000 ca:01 261618                     /home/ubuntu/spark-2.1.1-bin-hadoop2.7/jars/commons-dbcp-1.4.jar
7fe8c5009000-7fe8c5030000 r--s 0020f000 ca:01 261726                     /home/ubuntu/spark-2.1.1-bin-hadoop2.7/jars/netty-all-4.0.42.Final.jar
7fe8c5030000-7fe8c5033000 r--s 00015000 ca:01 261620                     /home/ubuntu/spark-2.1.1-bin-hadoop2.7/jars/commons-pool-1.5.4.jar
7fe8c5033000-7fe8c5088000 r--s 0069c000 ca:01 261595                     /home/ubuntu/spark-2.1.1-bin-hadoop2.7/jars/spire_2.11-0.7.4.jar
7fe8c5088000-7fe8c508a000 r--s 00004000 ca:01 261787                     /home/ubuntu/spark-2.1.1-bin-hadoop2.7/jars/metrics-graphite-3.1.2.jar
7fe8c508a000-7fe8c508f000 r--s 00027000 ca:01 261861                     /home/ubuntu/spark-2.1.1-bin-hadoop2.7/jars/hk2-api-2.4.0-b34.jar
7fe8c508f000-7fe8c5095000 r--s 00034000 ca:01 261799                     /home/ubuntu/spark-2.1.1-bin-hadoop2.7/jars/libthrift-0.9.3.jar
7fe8c5095000-7fe8c50b0000 r--s 001d6000 ca:01 286319                     /usr/lib/jvm/java-8-openjdk-amd64/jre/lib/ext/nashorn.jar
7fe8c50b0000-7fe8c50cb000 r--s 00394000 ca:01 286322                     /usr/lib/jvm/java-8-openjdk-amd64/jre/lib/ext/cldrdata.jar
7fe8c50cb000-7fe8c50cc000 ---p 00000000 00:00 0 
7fe8c50cc000-7fe8c51cc000 rw-p 00000000 00:00 0 
7fe8c51cc000-7fe8c51cf000 ---p 00000000 00:00 0 
7fe8c51cf000-7fe8c52cd000 rw-p 00000000 00:00 0 
7fe8c52cd000-7fe8c52d0000 ---p 00000000 00:00 0 
7fe8c52d0000-7fe8c53ce000 rw-p 00000000 00:00 0 
7fe8c53ce000-7fe8c53d1000 ---p 00000000 00:00 0 
7fe8c53d1000-7fe8c54cf000 rw-p 00000000 00:00 0 
7fe8c54cf000-7fe8c54d2000 ---p 00000000 00:00 0 
7fe8c54d2000-7fe8c55d0000 rw-p 00000000 00:00 0 
7fe8c55d0000-7fe8c5768000 r--p 00000000 ca:01 29052                      /usr/lib/locale/locale-archive
7fe8c5768000-7fe8c576b000 ---p 00000000 00:00 0 
7fe8c576b000-7fe8c5869000 rw-p 00000000 00:00 0 
7fe8c5869000-7fe8c586c000 ---p 00000000 00:00 0 
7fe8c586c000-7fe8c596a000 rw-p 00000000 00:00 0 
7fe8c596a000-7fe8c596b000 ---p 00000000 00:00 0 
7fe8c596b000-7fe8c5a6b000 rw-p 00000000 00:00 0 
7fe8c5a6b000-7fe8c5c3b000 r--s 03c5c000 ca:01 286303                     /usr/lib/jvm/java-8-openjdk-amd64/jre/lib/rt.jar
7fe8c5c3b000-7fe8c64b1000 rw-p 00000000 00:00 0 
7fe8c64b1000-7fe8c652a000 rw-p 00000000 00:00 0 
7fe8c652a000-7fe8c6607000 ---p 00000000 00:00 0 
7fe8c6607000-7fe8c6644000 rw-p 00000000 00:00 0 
7fe8c6644000-7fe8c66b1000 ---p 00000000 00:00 0 
7fe8c66b1000-7fe8c672a000 rw-p 00000000 00:00 0 
7fe8c672a000-7fe8c6807000 ---p 00000000 00:00 0 
7fe8c6807000-7fe8c68d8000 rw-p 00000000 00:00 0 
7fe8c68d8000-7fe8c6bc8000 ---p 00000000 00:00 0 
7fe8c6bc8000-7fe8c6bd0000 r-xp 00000000 ca:01 286357                     /usr/lib/jvm/java-8-openjdk-amd64/jre/lib/amd64/libzip.so
7fe8c6bd0000-7fe8c6dcf000 ---p 00008000 ca:01 286357                     /usr/lib/jvm/java-8-openjdk-amd64/jre/lib/amd64/libzip.so
7fe8c6dcf000-7fe8c6dd0000 r--p 00007000 ca:01 286357                     /usr/lib/jvm/java-8-openjdk-amd64/jre/lib/amd64/libzip.so
7fe8c6dd0000-7fe8c6dd1000 rw-p 00008000 ca:01 286357                     /usr/lib/jvm/java-8-openjdk-amd64/jre/lib/amd64/libzip.so
7fe8c6dd1000-7fe8c6ddc000 r-xp 00000000 ca:01 1993                       /lib/x86_64-linux-gnu/libnss_files-2.23.so
7fe8c6ddc000-7fe8c6fdb000 ---p 0000b000 ca:01 1993                       /lib/x86_64-linux-gnu/libnss_files-2.23.so
7fe8c6fdb000-7fe8c6fdc000 r--p 0000a000 ca:01 1993                       /lib/x86_64-linux-gnu/libnss_files-2.23.so
7fe8c6fdc000-7fe8c6fdd000 rw-p 0000b000 ca:01 1993                       /lib/x86_64-linux-gnu/libnss_files-2.23.so
7fe8c6fdd000-7fe8c6fe3000 rw-p 00000000 00:00 0 
7fe8c6fe3000-7fe8c6fee000 r-xp 00000000 ca:01 1997                       /lib/x86_64-linux-gnu/libnss_nis-2.23.so
7fe8c6fee000-7fe8c71ed000 ---p 0000b000 ca:01 1997                       /lib/x86_64-linux-gnu/libnss_nis-2.23.so
7fe8c71ed000-7fe8c71ee000 r--p 0000a000 ca:01 1997                       /lib/x86_64-linux-gnu/libnss_nis-2.23.so
7fe8c71ee000-7fe8c71ef000 rw-p 0000b000 ca:01 1997                       /lib/x86_64-linux-gnu/libnss_nis-2.23.so
7fe8c71ef000-7fe8c7205000 r-xp 00000000 ca:01 1977                       /lib/x86_64-linux-gnu/libnsl-2.23.so
7fe8c7205000-7fe8c7404000 ---p 00016000 ca:01 1977                       /lib/x86_64-linux-gnu/libnsl-2.23.so
7fe8c7404000-7fe8c7405000 r--p 00015000 ca:01 1977                       /lib/x86_64-linux-gnu/libnsl-2.23.so
7fe8c7405000-7fe8c7406000 rw-p 00016000 ca:01 1977                       /lib/x86_64-linux-gnu/libnsl-2.23.so
7fe8c7406000-7fe8c7408000 rw-p 00000000 00:00 0 
7fe8c7408000-7fe8c7410000 r-xp 00000000 ca:01 1988                       /lib/x86_64-linux-gnu/libnss_compat-2.23.so
7fe8c7410000-7fe8c760f000 ---p 00008000 ca:01 1988                       /lib/x86_64-linux-gnu/libnss_compat-2.23.so
7fe8c760f000-7fe8c7610000 r--p 00007000 ca:01 1988                       /lib/x86_64-linux-gnu/libnss_compat-2.23.so
7fe8c7610000-7fe8c7611000 rw-p 00008000 ca:01 1988                       /lib/x86_64-linux-gnu/libnss_compat-2.23.so
7fe8c7611000-7fe8c763a000 r-xp 00000000 ca:01 286342                     /usr/lib/jvm/java-8-openjdk-amd64/jre/lib/amd64/libjava.so
7fe8c763a000-7fe8c7839000 ---p 00029000 ca:01 286342                     /usr/lib/jvm/java-8-openjdk-amd64/jre/lib/amd64/libjava.so
7fe8c7839000-7fe8c783a000 r--p 00028000 ca:01 286342                     /usr/lib/jvm/java-8-openjdk-amd64/jre/lib/amd64/libjava.so
7fe8c783a000-7fe8c783c000 rw-p 00029000 ca:01 286342                     /usr/lib/jvm/java-8-openjdk-amd64/jre/lib/amd64/libjava.so
7fe8c783c000-7fe8c784b000 r-xp 00000000 ca:01 286359                     /usr/lib/jvm/java-8-openjdk-amd64/jre/lib/amd64/libverify.so
7fe8c784b000-7fe8c7a4a000 ---p 0000f000 ca:01 286359                     /usr/lib/jvm/java-8-openjdk-amd64/jre/lib/amd64/libverify.so
7fe8c7a4a000-7fe8c7a4c000 r--p 0000e000 ca:01 286359                     /usr/lib/jvm/java-8-openjdk-amd64/jre/lib/amd64/libverify.so
7fe8c7a4c000-7fe8c7a4d000 rw-p 00010000 ca:01 286359                     /usr/lib/jvm/java-8-openjdk-amd64/jre/lib/amd64/libverify.so
7fe8c7a4d000-7fe8c7a54000 r-xp 00000000 ca:01 1998                       /lib/x86_64-linux-gnu/librt-2.23.so
7fe8c7a54000-7fe8c7c53000 ---p 00007000 ca:01 1998                       /lib/x86_64-linux-gnu/librt-2.23.so
7fe8c7c53000-7fe8c7c54000 r--p 00006000 ca:01 1998                       /lib/x86_64-linux-gnu/librt-2.23.so
7fe8c7c54000-7fe8c7c55000 rw-p 00007000 ca:01 1998                       /lib/x86_64-linux-gnu/librt-2.23.so
7fe8c7c55000-7fe8c7c6b000 r-xp 00000000 ca:01 1975                       /lib/x86_64-linux-gnu/libgcc_s.so.1
7fe8c7c6b000-7fe8c7e6a000 ---p 00016000 ca:01 1975                       /lib/x86_64-linux-gnu/libgcc_s.so.1
7fe8c7e6a000-7fe8c7e6b000 rw-p 00015000 ca:01 1975                       /lib/x86_64-linux-gnu/libgcc_s.so.1
7fe8c7e6b000-7fe8c7f73000 r-xp 00000000 ca:01 1976                       /lib/x86_64-linux-gnu/libm-2.23.so
7fe8c7f73000-7fe8c8172000 ---p 00108000 ca:01 1976                       /lib/x86_64-linux-gnu/libm-2.23.so
7fe8c8172000-7fe8c8173000 r--p 00107000 ca:01 1976                       /lib/x86_64-linux-gnu/libm-2.23.so
7fe8c8173000-7fe8c8174000 rw-p 00108000 ca:01 1976                       /lib/x86_64-linux-gnu/libm-2.23.so
7fe8c8174000-7fe8c82e6000 r-xp 00000000 ca:01 7979                       /usr/lib/x86_64-linux-gnu/libstdc++.so.6.0.21
7fe8c82e6000-7fe8c84e6000 ---p 00172000 ca:01 7979                       /usr/lib/x86_64-linux-gnu/libstdc++.so.6.0.21
7fe8c84e6000-7fe8c84f0000 r--p 00172000 ca:01 7979                       /usr/lib/x86_64-linux-gnu/libstdc++.so.6.0.21
7fe8c84f0000-7fe8c84f2000 rw-p 0017c000 ca:01 7979                       /usr/lib/x86_64-linux-gnu/libstdc++.so.6.0.21
7fe8c84f2000-7fe8c84f6000 rw-p 00000000 00:00 0 
7fe8c84f6000-7fe8c915a000 r-xp 00000000 ca:01 286369                     /usr/lib/jvm/java-8-openjdk-amd64/jre/lib/amd64/server/libjvm.so
7fe8c915a000-7fe8c9359000 ---p 00c64000 ca:01 286369                     /usr/lib/jvm/java-8-openjdk-amd64/jre/lib/amd64/server/libjvm.so
7fe8c9359000-7fe8c93ed000 r--p 00c63000 ca:01 286369                     /usr/lib/jvm/java-8-openjdk-amd64/jre/lib/amd64/server/libjvm.so
7fe8c93ed000-7fe8c9416000 rw-p 00cf7000 ca:01 286369                     /usr/lib/jvm/java-8-openjdk-amd64/jre/lib/amd64/server/libjvm.so
7fe8c9416000-7fe8c9446000 rw-p 00000000 00:00 0 
7fe8c9446000-7fe8c945e000 r-xp 00000000 ca:01 1979                       /lib/x86_64-linux-gnu/libpthread-2.23.so
7fe8c945e000-7fe8c965d000 ---p 00018000 ca:01 1979                       /lib/x86_64-linux-gnu/libpthread-2.23.so
7fe8c965d000-7fe8c965e000 r--p 00017000 ca:01 1979                       /lib/x86_64-linux-gnu/libpthread-2.23.so
7fe8c965e000-7fe8c965f000 rw-p 00018000 ca:01 1979                       /lib/x86_64-linux-gnu/libpthread-2.23.so
7fe8c965f000-7fe8c9663000 rw-p 00000000 00:00 0 
7fe8c9663000-7fe8c9666000 r-xp 00000000 ca:01 1982                       /lib/x86_64-linux-gnu/libdl-2.23.so
7fe8c9666000-7fe8c9865000 ---p 00003000 ca:01 1982                       /lib/x86_64-linux-gnu/libdl-2.23.so
7fe8c9865000-7fe8c9866000 r--p 00002000 ca:01 1982                       /lib/x86_64-linux-gnu/libdl-2.23.so
7fe8c9866000-7fe8c9867000 rw-p 00003000 ca:01 1982                       /lib/x86_64-linux-gnu/libdl-2.23.so
7fe8c9867000-7fe8c9880000 r-xp 00000000 ca:01 2129                       /lib/x86_64-linux-gnu/libz.so.1.2.8
7fe8c9880000-7fe8c9a7f000 ---p 00019000 ca:01 2129                       /lib/x86_64-linux-gnu/libz.so.1.2.8
7fe8c9a7f000-7fe8c9a80000 r--p 00018000 ca:01 2129                       /lib/x86_64-linux-gnu/libz.so.1.2.8
7fe8c9a80000-7fe8c9a81000 rw-p 00019000 ca:01 2129                       /lib/x86_64-linux-gnu/libz.so.1.2.8
7fe8c9a81000-7fe8c9c41000 r-xp 00000000 ca:01 1980                       /lib/x86_64-linux-gnu/libc-2.23.so
7fe8c9c41000-7fe8c9e41000 ---p 001c0000 ca:01 1980                       /lib/x86_64-linux-gnu/libc-2.23.so
7fe8c9e41000-7fe8c9e45000 r--p 001c0000 ca:01 1980                       /lib/x86_64-linux-gnu/libc-2.23.so
7fe8c9e45000-7fe8c9e47000 rw-p 001c4000 ca:01 1980                       /lib/x86_64-linux-gnu/libc-2.23.so
7fe8c9e47000-7fe8c9e4b000 rw-p 00000000 00:00 0 
7fe8c9e4b000-7fe8c9e58000 r-xp 00000000 ca:01 286351                     /usr/lib/jvm/java-8-openjdk-amd64/jre/lib/amd64/jli/libjli.so
7fe8c9e58000-7fe8ca057000 ---p 0000d000 ca:01 286351                     /usr/lib/jvm/java-8-openjdk-amd64/jre/lib/amd64/jli/libjli.so
7fe8ca057000-7fe8ca058000 r--p 0000c000 ca:01 286351                     /usr/lib/jvm/java-8-openjdk-amd64/jre/lib/amd64/jli/libjli.so
7fe8ca058000-7fe8ca059000 rw-p 0000d000 ca:01 286351                     /usr/lib/jvm/java-8-openjdk-amd64/jre/lib/amd64/jli/libjli.so
7fe8ca059000-7fe8ca07f000 r-xp 00000000 ca:01 1978                       /lib/x86_64-linux-gnu/ld-2.23.so
7fe8ca07f000-7fe8ca080000 r--s 00009000 ca:01 261534                     /home/ubuntu/spark-2.1.1-bin-hadoop2.7/jars/hadoop-annotations-2.7.3.jar
7fe8ca080000-7fe8ca081000 r--s 00003000 ca:01 261827                     /home/ubuntu/spark-2.1.1-bin-hadoop2.7/jars/metrics-json-3.1.2.jar
7fe8ca081000-7fe8ca083000 r--s 0000f000 ca:01 261715                     /home/ubuntu/spark-2.1.1-bin-hadoop2.7/jars/curator-client-2.6.0.jar
7fe8ca083000-7fe8ca086000 r--s 0000f000 ca:01 286318                     /usr/lib/jvm/java-8-openjdk-amd64/jre/lib/ext/icedtea-sound.jar
7fe8ca086000-7fe8ca087000 r--s 00010000 ca:01 286325                     /usr/lib/jvm/java-8-openjdk-amd64/jre/lib/ext/zipfs.jar
7fe8ca087000-7fe8ca08a000 r--s 00039000 ca:01 286321                     /usr/lib/jvm/java-8-openjdk-amd64/jre/lib/ext/sunpkcs11.jar
7fe8ca08a000-7fe8ca08b000 r--s 0000a000 ca:01 286320                     /usr/lib/jvm/java-8-openjdk-amd64/jre/lib/ext/jaccess.jar
7fe8ca08b000-7fe8ca08d000 r--s 00001000 ca:01 286323                     /usr/lib/jvm/java-8-openjdk-amd64/jre/lib/ext/dnsns.jar
7fe8ca08d000-7fe8ca097000 r--s 00116000 ca:01 286326                     /usr/lib/jvm/java-8-openjdk-amd64/jre/lib/ext/localedata.jar
7fe8ca097000-7fe8ca168000 rw-p 00000000 00:00 0 
7fe8ca168000-7fe8ca170000 rw-s 00000000 ca:01 256130                     /tmp/hsperfdata_ubuntu/11743
7fe8ca170000-7fe8ca173000 ---p 00000000 00:00 0 
7fe8ca173000-7fe8ca275000 rw-p 00000000 00:00 0 
7fe8ca275000-7fe8ca27a000 r--s 0003c000 ca:01 286324                     /usr/lib/jvm/java-8-openjdk-amd64/jre/lib/ext/sunjce_provider.jar
7fe8ca27a000-7fe8ca27b000 r--s 0000d000 ca:01 286317                     /usr/lib/jvm/java-8-openjdk-amd64/jre/lib/ext/sunec.jar
7fe8ca27b000-7fe8ca27c000 rw-p 00000000 00:00 0 
7fe8ca27c000-7fe8ca27d000 ---p 00000000 00:00 0 
7fe8ca27d000-7fe8ca27e000 rw-p 00000000 00:00 0 
7fe8ca27e000-7fe8ca27f000 r--p 00025000 ca:01 1978                       /lib/x86_64-linux-gnu/ld-2.23.so
7fe8ca27f000-7fe8ca280000 rw-p 00026000 ca:01 1978                       /lib/x86_64-linux-gnu/ld-2.23.so
7fe8ca280000-7fe8ca281000 rw-p 00000000 00:00 0 
7ffebcb5f000-7ffebcb80000 rw-p 00000000 00:00 0                          [stack]
7ffebcbd7000-7ffebcbda000 r--p 00000000 00:00 0                          [vvar]
7ffebcbda000-7ffebcbdc000 r-xp 00000000 00:00 0                          [vdso]
ffffffffff600000-ffffffffff601000 r-xp 00000000 00:00 0                  [vsyscall]

VM Arguments:
jvm_args: -Xmx1g 
java_command: org.apache.spark.deploy.SparkSubmit --conf spark.app.name=basics pyspark-shell
java_class_path (initial): /home/ubuntu/spark-2.1.1-bin-hadoop2.7/conf/:/home/ubuntu/spark-2.1.1-bin-hadoop2.7/jars/libthrift-0.9.3.jar:/home/ubuntu/spark-2.1.1-bin-hadoop2.7/jars/curator-client-2.6.0.jar:/home/ubuntu/spark-2.1.1-bin-hadoop2.7/jars/hk2-api-2.4.0-b34.jar:/home/ubuntu/spark-2.1.1-bin-hadoop2.7/jars/metrics-json-3.1.2.jar:/home/ubuntu/spark-2.1.1-bin-hadoop2.7/jars/metrics-graphite-3.1.2.jar:/home/ubuntu/spark-2.1.1-bin-hadoop2.7/jars/spire_2.11-0.7.4.jar:/home/ubuntu/spark-2.1.1-bin-hadoop2.7/jars/commons-pool-1.5.4.jar:/home/ubuntu/spark-2.1.1-bin-hadoop2.7/jars/netty-all-4.0.42.Final.jar:/home/ubuntu/spark-2.1.1-bin-hadoop2.7/jars/commons-dbcp-1.4.jar:/home/ubuntu/spark-2.1.1-bin-hadoop2.7/jars/xbean-asm5-shaded-4.4.jar:/home/ubuntu/spark-2.1.1-bin-hadoop2.7/jars/xercesImpl-2.9.1.jar:/home/ubuntu/spark-2.1.1-bin-hadoop2.7/jars/hadoop-annotations-2.7.3.jar:/home/ubuntu/spark-2.1.1-bin-hadoop2.7/jars/javassist-3.18.1-GA.jar:/home/ubuntu/spark-2.1.1-bin-hadoop2.7/jars/jersey-container-servlet-2.22.2.jar:/home/ubuntu/spark-2.1.1-bin-hadoop2.7/jars/base64-2.3.8.jar:/home/ubuntu/spark-2.1.1-bin-hadoop2.7/jars/scalap-2.11.8.jar:/home/ubuntu/spark-2.1.1-bin-hadoop2.7/jars/super-csv-2.2.0.jar:/home/ubuntu/spark-2.1.1-bin-hadoop2.7/jars/jul-to-slf4j-1.7.16.jar:/home/ubuntu/spark-2.1.1-bin-hadoop2.7/jars/hadoop-mapreduce-client-shuffle-2.7.3.jar:/home/ubuntu/spark-2.1.1-bin-hadoop2.7/jars/libfb303-0.9.3.jar:/home/ubuntu/spark-2.1.1-bin-hadoop2.7/jars/jdo-api-3.0.1.jar:/home/ubuntu/spark-2.1.1-bin-hadoop2.7/jars/jersey-guava-2.22.2.jar:/home/ubuntu/spark-2.1.1-bin-hadoop2.7/jars/arpack_combined_all-0.1.jar:/home/ubuntu/spark-2.1.1-bin-hadoop2.7/jars/scala-parser-combinators_2.11-1.0.4.jar:/home/ubuntu/spark-2.1.1-bin-hadoop2.7/jars/chill_2.11-0.8.0.jar:/home/ubuntu/spark-2.1.1-bin-hadoop2.7/jars/javax.annotation-api-1.2.jar:/home/ubuntu/spark-2.1.1-bin-hadoop2.7/jars/joda-time-2.9.3.jar:/home/ubuntu/spark-2.1.1-bin-hadoop2.7/jars/antlr-runtime-3.4.jar:/home/u
Launcher Type: SUN_STANDARD

Environment Variables:
PATH=/home/ubuntu/.local/bin:/home/ubuntu/bin:/home/ubuntu/.local/bin:/usr/local/sbin:/usr/local/bin:/usr/sbin:/usr/bin:/sbin:/bin:/usr/games:/usr/local/games:/snap/bin
SHELL=/bin/bash

Signal Handlers:
SIGSEGV: [libjvm.so+0xa783e0], sa_mask[0]=11111111011111111101111111111110, sa_flags=SA_RESTART|SA_SIGINFO
SIGBUS: [libjvm.so+0xa783e0], sa_mask[0]=11111111011111111101111111111110, sa_flags=SA_RESTART|SA_SIGINFO
SIGFPE: [libjvm.so+0x8c0e10], sa_mask[0]=11111111011111111101111111111110, sa_flags=SA_RESTART|SA_SIGINFO
SIGPIPE: [libjvm.so+0x8c0e10], sa_mask[0]=11111111011111111101111111111110, sa_flags=SA_RESTART|SA_SIGINFO
SIGXFSZ: [libjvm.so+0x8c0e10], sa_mask[0]=11111111011111111101111111111110, sa_flags=SA_RESTART|SA_SIGINFO
SIGILL: [libjvm.so+0x8c0e10], sa_mask[0]=11111111011111111101111111111110, sa_flags=SA_RESTART|SA_SIGINFO
SIGUSR1: SIG_DFL, sa_mask[0]=00000000000000000000000000000000, sa_flags=none
SIGUSR2: [libjvm.so+0x8c0cc0], sa_mask[0]=00000000000000000000000000000000, sa_flags=SA_RESTART|SA_SIGINFO
SIGHUP: [libjvm.so+0x8c1350], sa_mask[0]=11111111011111111101111111111110, sa_flags=SA_RESTART|SA_SIGINFO
SIGINT: SIG_IGN, sa_mask[0]=00000000000000000000000000000000, sa_flags=none
SIGTERM: [libjvm.so+0x8c1350], sa_mask[0]=11111111011111111101111111111110, sa_flags=SA_RESTART|SA_SIGINFO
SIGQUIT: [libjvm.so+0x8c1350], sa_mask[0]=11111111011111111101111111111110, sa_flags=SA_RESTART|SA_SIGINFO


---------------  S Y S T E M  ---------------

OS:DISTRIB_ID=Ubuntu
DISTRIB_RELEASE=16.04
DISTRIB_CODENAME=xenial
DISTRIB_DESCRIPTION="Ubuntu 16.04.4 LTS"

uname:Linux 4.4.0-1065-aws #75-Ubuntu SMP Fri Aug 10 11:14:32 UTC 2018 x86_64
libc:glibc 2.23 NPTL 2.23 
rlimit: STACK 8192k, CORE 0k, NPROC 3900, NOFILE 1048576, AS infinity
load average:0.29 0.06 0.02

/proc/meminfo:
MemTotal:        1014500 kB
MemFree:           51584 kB
MemAvailable:          0 kB
Buffers:             652 kB
Cached:            14196 kB
SwapCached:            0 kB
Active:           887048 kB
Inactive:          11120 kB
Active(anon):     886136 kB
Inactive(anon):    10332 kB
Active(file):        912 kB
Inactive(file):      788 kB
Unevictable:        3652 kB
Mlocked:            3652 kB
SwapTotal:             0 kB
SwapFree:              0 kB
Dirty:               104 kB
Writeback:             0 kB
AnonPages:        887000 kB
Mapped:             3700 kB
Shmem:             10696 kB
Slab:              38448 kB
SReclaimable:      20824 kB
SUnreclaim:        17624 kB
KernelStack:        3424 kB
PageTables:         5828 kB
NFS_Unstable:          0 kB
Bounce:                0 kB
WritebackTmp:          0 kB
CommitLimit:      507248 kB
Committed_AS:    1275148 kB
VmallocTotal:   34359738367 kB
VmallocUsed:           0 kB
VmallocChunk:          0 kB
HardwareCorrupted:     0 kB
AnonHugePages:    188416 kB
CmaTotal:              0 kB
CmaFree:               0 kB
HugePages_Total:       0
HugePages_Free:        0
HugePages_Rsvd:        0
HugePages_Surp:        0
Hugepagesize:       2048 kB
DirectMap4k:       55296 kB
DirectMap2M:      993280 kB

container (cgroup) information:
container_type: cgroupv1
cpu_cpuset_cpus: 0
cpu_memory_nodes: 0
active_processor_count: 1
cpu_quota: -1
cpu_period: 100000
cpu_shares: -1
memory_limit_in_bytes: -1
memory_and_swap_limit_in_bytes: -2
memory_soft_limit_in_bytes: -1
memory_usage_in_bytes: 885559296
memory_max_usage_in_bytes: 887898112


CPU:total 1 (initial active 1) (1 cores per cpu, 1 threads per core) family 6 model 63 stepping 2, cmov, cx8, fxsr, mmx, sse, sse2, sse3, ssse3, sse4.1, sse4.2, popcnt, avx, avx2, aes, clmul, erms, lzcnt, tsc, bmi1, bmi2

/proc/cpuinfo:
processor	: 0
vendor_id	: GenuineIntel
cpu family	: 6
model		: 63
model name	: Intel(R) Xeon(R) CPU E5-2676 v3 @ 2.40GHz
stepping	: 2
microcode	: 0x43
cpu MHz		: 2394.544
cache size	: 30720 KB
physical id	: 0
siblings	: 1
core id		: 0
cpu cores	: 1
apicid		: 0
initial apicid	: 0
fpu		: yes
fpu_exception	: yes
cpuid level	: 13
wp		: yes
flags		: fpu vme de pse tsc msr pae mce cx8 apic sep mtrr pge mca cmov pat pse36 clflush mmx fxsr sse sse2 ht syscall nx rdtscp lm constant_tsc rep_good nopl xtopology eagerfpu pni pclmulqdq ssse3 fma cx16 pcid sse4_1 sse4_2 x2apic movbe popcnt tsc_deadline_timer aes xsave avx f16c rdrand hypervisor lahf_lm abm invpcid_single kaiser fsgsbase bmi1 avx2 smep bmi2 erms invpcid xsaveopt
bugs		: cpu_meltdown spectre_v1 spectre_v2 spec_store_bypass l1tf
bogomips	: 4789.08
clflush size	: 64
cache_alignment	: 64
address sizes	: 46 bits physical, 48 bits virtual
power management:



Memory: 4k page, physical 1014500k(51336k free), swap 0k(0k free)

vm_info: OpenJDK 64-Bit Server VM (25.222-b10) for linux-amd64 JRE (1.8.0_222-8u222-b10-1ubuntu1~16.04.1-b10), built on Jul 18 2019 20:25:18 by "buildd" with gcc 5.4.0 20160609

time: Sat Oct 26 09:37:29 2019
timezone: UTC
elapsed time: 3924 seconds (0d 1h 5m 24s)

